2023-01-04 13:10:28,983 Get_Data -> 文件或者文件夹路径不存在！！！
2023-01-04 13:10:28,983 Get_Data -> 输入新的文件或者文件夹路径：
2023-01-04 13:40:08,141 Mdm_Article_Run -> 添加文章成功：25792
2023-01-04 13:41:32,900 Mdm_Article_Run -> 添加文章成功：25793
2023-01-04 14:39:45,243 Mdm_Article_Run -> 添加文章成功：25794
2023-01-04 14:39:46,458 Mdm_Article_Run -> 添加文章成功：25795
2023-01-04 14:39:47,692 Mdm_Article_Run -> 添加文章成功：25796
2023-01-04 14:39:48,894 Mdm_Article_Run -> 添加文章成功：25797
2023-01-04 14:39:50,048 Mdm_Article_Run -> 添加文章成功：25798
2023-01-04 14:39:51,201 Mdm_Article_Run -> 添加文章成功：25799
2023-01-04 14:39:52,363 Mdm_Article_Run -> 添加文章成功：25800
2023-01-04 14:39:53,570 Mdm_Article_Run -> 添加文章成功：25801
2023-01-04 14:39:54,772 Mdm_Article_Run -> 添加文章成功：25802
2023-01-04 14:39:55,979 Mdm_Article_Run -> 添加文章成功：25803
2023-01-04 15:43:19,588 Get_Data -> 文件或者文件夹路径不存在！！！
2023-01-04 15:43:19,588 Get_Data -> 输入新的文件或者文件夹路径：
2023-01-04 15:46:01,118 Get_Data -> 文件或者文件夹路径不存在！！！
2023-01-04 15:46:01,118 Get_Data -> \\Win-pp19bi8ic9t\g\流量部\SEO\机构长尾原创文项目\兼职\文章存储\刘柏琼\12.19\[20]哪里学游戏ui设计好(游戏ui设计培训机构推荐).docx
2023-01-04 15:46:01,118 Get_Data -> 输入新的文件或者文件夹路径：
2023-01-04 15:47:28,426 Get_Data -> 文件或者文件夹路径不存在！！！
2023-01-04 15:47:28,426 Get_Data -> \\Win-pp19bi8ic9t\g\流量部\SEO\机构长尾原创文项目\兼职\文章存储\刘柏琼\12.19\[28]有哪些漫画设计培训机构(漫画设计难学吗).docx
2023-01-04 15:47:28,426 Get_Data -> 输入新的文件或者文件夹路径：
2023-01-04 15:48:47,205 Mdm_Article_Run -> 添加文章成功：25804
2023-01-04 15:48:48,397 Mdm_Article_Run -> 添加文章成功：25805
2023-01-04 15:48:49,580 Mdm_Article_Run -> 添加文章成功：25806
2023-01-04 15:48:50,758 Mdm_Article_Run -> 添加文章成功：25807
2023-01-04 15:48:51,947 Mdm_Article_Run -> 添加文章成功：25808
2023-01-04 15:48:53,133 Mdm_Article_Run -> 添加文章成功：25809
2023-01-04 15:48:54,319 Mdm_Article_Run -> 添加文章成功：25810
2023-01-04 15:48:55,562 Mdm_Article_Run -> 添加文章成功：25811
2023-01-04 15:48:56,762 Mdm_Article_Run -> 添加文章成功：25812
2023-01-04 15:48:57,983 Mdm_Article_Run -> 添加文章成功：25813
2023-01-04 15:48:59,181 Mdm_Article_Run -> 添加文章成功：25814
2023-01-04 15:49:00,363 Mdm_Article_Run -> 添加文章成功：25815
2023-01-04 15:49:01,564 Mdm_Article_Run -> 添加文章成功：25816
2023-01-04 15:49:02,728 Mdm_Article_Run -> 添加文章成功：25817
2023-01-04 15:49:03,958 Mdm_Article_Run -> 添加文章成功：25818
2023-01-04 15:49:05,165 Mdm_Article_Run -> 添加文章成功：25819
2023-01-04 15:49:06,362 Mdm_Article_Run -> 添加文章成功：25820
2023-01-04 15:49:07,579 Mdm_Article_Run -> 添加文章成功：25821
2023-01-04 15:49:08,789 Mdm_Article_Run -> 添加文章成功：25822
2023-01-04 15:49:09,996 Mdm_Article_Run -> 添加文章成功：25823
2023-01-04 15:55:45,689 Mdm_Article_Run -> 添加文章成功：25824
2023-01-04 15:55:46,875 Mdm_Article_Run -> 添加文章成功：25825
2023-01-04 16:01:03,252 Mdm_Article_Run -> 添加文章成功：25826
2023-01-04 16:01:04,409 Mdm_Article_Run -> 添加文章成功：25827
2023-01-04 16:01:05,599 Mdm_Article_Run -> 添加文章成功：25828
2023-01-04 16:01:06,804 Mdm_Article_Run -> 添加文章成功：25829
2023-01-04 16:01:07,970 Mdm_Article_Run -> 添加文章成功：25830
2023-01-04 16:01:09,159 Mdm_Article_Run -> 添加文章成功：25831
2023-01-04 16:01:23,995 Mdm_Article_Run -> 添加文章成功：32574
2023-01-04 16:01:25,254 Mdm_Article_Run -> 添加文章成功：32575
2023-01-04 16:01:26,548 Mdm_Article_Run -> 添加文章成功：32576
2023-01-04 16:01:27,824 Mdm_Article_Run -> 添加文章成功：32577
2023-01-04 16:01:29,034 Mdm_Article_Run -> 添加文章成功：32578
2023-01-04 16:01:30,275 Mdm_Article_Run -> 添加文章成功：32579
2023-01-04 16:01:31,511 Mdm_Article_Run -> 添加文章成功：32580
2023-01-04 16:01:32,776 Mdm_Article_Run -> 添加文章成功：32581
2023-01-04 16:01:34,091 Mdm_Article_Run -> 添加文章成功：32582
2023-01-04 16:01:35,379 Mdm_Article_Run -> 添加文章成功：32583
2023-01-04 16:01:36,680 Mdm_Article_Run -> 添加文章成功：32584
2023-01-04 16:01:37,949 Mdm_Article_Run -> 添加文章成功：32585
2023-01-04 16:01:39,255 Mdm_Article_Run -> 添加文章成功：32586
2023-01-04 16:01:40,568 Mdm_Article_Run -> 添加文章成功：32587
2023-01-04 16:01:41,907 Mdm_Article_Run -> 添加文章成功：32588
2023-01-04 16:01:43,180 Mdm_Article_Run -> 添加文章成功：32589
2023-01-04 16:01:44,436 Mdm_Article_Run -> 添加文章成功：32590
2023-01-04 16:01:45,762 Mdm_Article_Run -> 添加文章成功：32591
2023-01-04 16:01:47,057 Mdm_Article_Run -> 添加文章成功：32592
2023-01-04 16:01:48,330 Mdm_Article_Run -> 添加文章成功：32593
2023-01-04 16:01:49,536 Mdm_Article_Run -> 添加文章成功：32594
2023-01-04 16:01:50,792 Mdm_Article_Run -> 添加文章成功：32595
2023-01-04 16:01:52,041 Mdm_Article_Run -> 添加文章成功：32596
2023-01-04 16:01:53,329 Mdm_Article_Run -> 添加文章成功：32597
2023-01-04 16:01:54,649 Mdm_Article_Run -> 添加文章成功：32598
2023-01-04 16:01:55,893 Mdm_Article_Run -> 添加文章成功：32599
2023-01-04 16:01:57,186 Mdm_Article_Run -> 添加文章成功：32600
2023-01-04 16:01:58,492 Mdm_Article_Run -> 添加文章成功：32601
2023-01-04 16:01:59,812 Mdm_Article_Run -> 添加文章成功：32602
2023-01-04 16:02:01,111 Mdm_Article_Run -> 添加文章成功：32603
2023-01-05 10:10:23,247 Get_Data -> 文件或者文件夹路径不存在！！！
2023-01-05 10:10:23,290 Get_Data -> \\Win-pp19bi8ic9t\g\流量部\SEO\机构长尾原创文项目\兼职\文章存储\刘柏琼\12.20\[34]原画培训学校有哪些(原画工作工资多少).docx
2023-01-05 10:10:23,291 Get_Data -> 输入新的文件或者文件夹路径：
2023-01-05 10:11:35,337 Get_Data -> 文件或者文件夹路径不存在！！！
2023-01-05 10:11:35,338 Get_Data -> \\Win-pp19bi8ic9t\g\流量部\SEO\机构长尾原创文项目\兼职\文章存储\刘柏琼\12.21\[49]游戏ui设计培训班有哪些(学游戏ui设计好找工作吗).docx
2023-01-05 10:11:35,338 Get_Data -> 输入新的文件或者文件夹路径：
2023-01-05 10:12:37,353 Mdm_Article_Run -> 添加文章成功：32608
2023-01-05 10:12:38,778 Mdm_Article_Run -> 添加文章成功：32609
2023-01-05 10:12:40,099 Mdm_Article_Run -> 添加文章成功：32610
2023-01-05 10:12:41,485 Mdm_Article_Run -> 添加文章成功：32611
2023-01-05 10:12:42,791 Mdm_Article_Run -> 添加文章成功：32612
2023-01-05 10:12:44,328 Mdm_Article_Run -> 添加文章成功：32613
2023-01-05 10:12:46,872 Mdm_Article_Run -> 添加文章成功：32614
2023-01-05 10:12:48,180 Mdm_Article_Run -> 添加文章成功：32615
2023-01-05 10:12:49,722 Mdm_Article_Run -> 添加文章成功：32616
2023-01-05 10:12:51,262 Mdm_Article_Run -> 添加文章成功：32617
2023-01-05 10:12:52,625 Mdm_Article_Run -> 添加文章成功：32618
2023-01-05 10:12:53,950 Mdm_Article_Run -> 添加文章成功：32619
2023-01-05 10:12:55,479 Mdm_Article_Run -> 添加文章成功：32620
2023-01-05 10:12:56,794 Mdm_Article_Run -> 添加文章成功：32621
2023-01-05 10:12:58,091 Mdm_Article_Run -> 添加文章成功：32622
2023-01-05 10:12:59,411 Mdm_Article_Run -> 添加文章成功：32623
2023-01-05 10:13:00,725 Mdm_Article_Run -> 添加文章成功：32624
2023-01-05 10:13:02,038 Mdm_Article_Run -> 添加文章成功：32625
2023-01-05 10:13:03,348 Mdm_Article_Run -> 添加文章成功：32626
2023-01-05 10:13:05,763 Mdm_Article_Run -> 添加文章成功：32627
2023-01-05 10:13:07,350 Mdm_Article_Run -> 添加文章成功：32628
2023-01-05 10:13:10,704 Mdm_Article_Run -> 添加文章成功：32629
2023-01-05 10:13:11,961 Mdm_Article_Run -> 添加文章成功：32630
2023-01-05 10:13:13,323 Mdm_Article_Run -> 添加文章成功：32631
2023-01-05 10:13:15,300 Mdm_Article_Run -> 添加文章成功：32632
2023-01-05 10:13:16,689 Mdm_Article_Run -> 添加文章成功：32633
2023-01-05 10:13:18,290 Mdm_Article_Run -> 添加文章成功：32634
2023-01-05 10:13:20,694 Mdm_Article_Run -> 添加文章成功：32635
2023-01-05 10:13:24,228 Mdm_Article_Run -> 添加文章成功：32636
2023-01-05 10:13:25,770 Mdm_Article_Run -> 添加文章成功：32637
2023-01-05 11:23:39,963 Get_Data -> 文件或者文件夹路径不存在！！！
2023-01-05 11:23:39,964 Get_Data -> \\Win-pp19bi8ic9t\g\流量部\SEO\机构长尾原创文项目\兼职\文章存储\刘柏琼\12.22\[62]动漫插画培训哪个机构好(动漫插画成人培训班).docx
2023-01-05 11:23:39,964 Get_Data -> 输入新的文件或者文件夹路径：
2023-01-05 11:25:42,759 Mdm_Article_Run -> 添加文章成功：25832
2023-01-05 11:25:43,963 Mdm_Article_Run -> 添加文章成功：25833
2023-01-05 11:48:19,129 Mdm_Article_Run -> 添加文章成功：25834
2023-01-05 11:48:20,303 Mdm_Article_Run -> 添加文章成功：25835
2023-01-06 10:12:40,023 Mdm_Article_Run -> 添加文章成功：32641
2023-01-06 10:14:19,004 Mdm_Article_Run -> 添加文章成功：32642
2023-01-06 10:14:20,280 Mdm_Article_Run -> 添加文章成功：32643
2023-01-06 10:14:21,534 Mdm_Article_Run -> 添加文章成功：32644
2023-01-06 10:14:22,780 Mdm_Article_Run -> 添加文章成功：32645
2023-01-06 10:14:24,060 Mdm_Article_Run -> 添加文章成功：32646
2023-01-06 10:14:25,363 Mdm_Article_Run -> 添加文章成功：32647
2023-01-06 10:14:26,668 Mdm_Article_Run -> 添加文章成功：32648
2023-01-06 10:14:27,966 Mdm_Article_Run -> 添加文章成功：32649
2023-01-06 10:14:29,261 Mdm_Article_Run -> 添加文章成功：32650
2023-01-06 10:14:30,590 Mdm_Article_Run -> 添加文章成功：32651
2023-01-06 10:14:31,867 Mdm_Article_Run -> 添加文章成功：32652
2023-01-06 10:14:33,182 Mdm_Article_Run -> 添加文章成功：32653
2023-01-06 10:14:34,478 Mdm_Article_Run -> 添加文章成功：32654
2023-01-06 10:14:35,766 Mdm_Article_Run -> 添加文章成功：32655
2023-01-06 10:14:37,051 Mdm_Article_Run -> 添加文章成功：32656
2023-01-06 10:14:38,344 Mdm_Article_Run -> 添加文章成功：32657
2023-01-06 10:14:39,645 Mdm_Article_Run -> 添加文章成功：32658
2023-01-06 10:14:40,898 Mdm_Article_Run -> 添加文章成功：32659
2023-01-06 10:14:42,189 Mdm_Article_Run -> 添加文章成功：32660
2023-01-06 10:14:43,463 Mdm_Article_Run -> 添加文章成功：32661
2023-01-06 10:14:44,754 Mdm_Article_Run -> 添加文章成功：32662
2023-01-06 10:14:46,010 Mdm_Article_Run -> 添加文章成功：32663
2023-01-06 10:14:47,245 Mdm_Article_Run -> 添加文章成功：32664
2023-01-06 10:14:48,556 Mdm_Article_Run -> 添加文章成功：32665
2023-01-06 10:14:49,812 Mdm_Article_Run -> 添加文章成功：32666
2023-01-06 10:14:51,094 Mdm_Article_Run -> 添加文章成功：32667
2023-01-06 10:14:52,385 Mdm_Article_Run -> 添加文章成功：32668
2023-01-06 10:14:53,680 Mdm_Article_Run -> 添加文章成功：32669
2023-01-06 10:14:55,005 Mdm_Article_Run -> 添加文章成功：32670
2023-01-06 10:14:56,314 Mdm_Article_Run -> 添加文章成功：32671
2023-01-07 10:05:22,732 Mdm_Article_Run -> 添加文章成功：32675
2023-01-07 10:05:23,989 Mdm_Article_Run -> 添加文章成功：32676
2023-01-07 10:05:25,287 Mdm_Article_Run -> 添加文章成功：32677
2023-01-07 10:05:26,512 Mdm_Article_Run -> 添加文章成功：32678
2023-01-07 10:05:27,787 Mdm_Article_Run -> 添加文章成功：32679
2023-01-07 10:05:29,016 Mdm_Article_Run -> 添加文章成功：32680
2023-01-07 10:05:30,331 Mdm_Article_Run -> 添加文章成功：32681
2023-01-07 10:05:31,610 Mdm_Article_Run -> 添加文章成功：32682
2023-01-07 10:05:32,916 Mdm_Article_Run -> 添加文章成功：32683
2023-01-07 10:05:34,201 Mdm_Article_Run -> 添加文章成功：32684
2023-01-07 10:05:35,476 Mdm_Article_Run -> 添加文章成功：32685
2023-01-07 10:05:36,751 Mdm_Article_Run -> 添加文章成功：32686
2023-01-07 10:05:37,981 Mdm_Article_Run -> 添加文章成功：32687
2023-01-07 10:05:39,276 Mdm_Article_Run -> 添加文章成功：32688
2023-01-07 10:05:40,590 Mdm_Article_Run -> 添加文章成功：32689
2023-01-07 10:05:41,942 Mdm_Article_Run -> 添加文章成功：32690
2023-01-07 10:05:43,217 Mdm_Article_Run -> 添加文章成功：32691
2023-01-07 10:05:44,521 Mdm_Article_Run -> 添加文章成功：32692
2023-01-07 10:05:45,769 Mdm_Article_Run -> 添加文章成功：32693
2023-01-07 10:05:47,078 Mdm_Article_Run -> 添加文章成功：32694
2023-01-07 10:05:48,389 Mdm_Article_Run -> 添加文章成功：32695
2023-01-07 10:05:49,714 Mdm_Article_Run -> 添加文章成功：32696
2023-01-07 10:05:50,964 Mdm_Article_Run -> 添加文章成功：32697
2023-01-07 10:05:52,273 Mdm_Article_Run -> 添加文章成功：32698
2023-01-07 10:05:53,531 Mdm_Article_Run -> 添加文章成功：32699
2023-01-07 10:05:54,828 Mdm_Article_Run -> 添加文章成功：32700
2023-01-07 10:05:56,082 Mdm_Article_Run -> 添加文章成功：32701
2023-01-07 10:05:57,404 Mdm_Article_Run -> 添加文章成功：32702
2023-01-07 10:05:58,654 Mdm_Article_Run -> 添加文章成功：32703
2023-01-07 10:05:59,931 Mdm_Article_Run -> 添加文章成功：32704
2023-01-09 10:16:29,980 Mdm_Article_Run -> 添加文章成功：32705
2023-01-09 10:16:31,303 Mdm_Article_Run -> 添加文章成功：32706
2023-01-09 10:16:32,572 Mdm_Article_Run -> 添加文章成功：32707
2023-01-09 10:16:33,977 Mdm_Article_Run -> 添加文章成功：32708
2023-01-09 10:16:35,286 Mdm_Article_Run -> 添加文章成功：32709
2023-01-09 10:16:36,517 Mdm_Article_Run -> 添加文章成功：32710
2023-01-09 10:16:37,770 Mdm_Article_Run -> 添加文章成功：32711
2023-01-09 10:16:39,036 Mdm_Article_Run -> 添加文章成功：32712
2023-01-09 10:16:40,366 Mdm_Article_Run -> 添加文章成功：32713
2023-01-09 10:16:41,653 Mdm_Article_Run -> 添加文章成功：32714
2023-01-09 10:16:42,946 Mdm_Article_Run -> 添加文章成功：32715
2023-01-09 10:16:44,255 Mdm_Article_Run -> 添加文章成功：32716
2023-01-09 10:16:45,539 Mdm_Article_Run -> 添加文章成功：32717
2023-01-09 10:16:46,821 Mdm_Article_Run -> 添加文章成功：32718
2023-01-09 10:16:48,127 Mdm_Article_Run -> 添加文章成功：32719
2023-01-09 10:16:49,439 Mdm_Article_Run -> 添加文章成功：32720
2023-01-09 10:16:50,814 Mdm_Article_Run -> 添加文章成功：32721
2023-01-09 10:16:52,119 Mdm_Article_Run -> 添加文章成功：32722
2023-01-09 10:16:53,364 Mdm_Article_Run -> 添加文章成功：32723
2023-01-09 10:16:54,619 Mdm_Article_Run -> 添加文章成功：32724
2023-01-09 10:16:55,908 Mdm_Article_Run -> 添加文章成功：32725
2023-01-09 10:16:57,217 Mdm_Article_Run -> 添加文章成功：32726
2023-01-09 10:16:58,445 Mdm_Article_Run -> 添加文章成功：32727
2023-01-09 10:16:59,719 Mdm_Article_Run -> 添加文章成功：32728
2023-01-09 10:17:01,044 Mdm_Article_Run -> 添加文章成功：32729
2023-01-09 10:17:02,347 Mdm_Article_Run -> 添加文章成功：32730
2023-01-09 10:17:03,675 Mdm_Article_Run -> 添加文章成功：32731
2023-01-09 10:17:04,942 Mdm_Article_Run -> 添加文章成功：32732
2023-01-09 10:17:06,207 Mdm_Article_Run -> 添加文章成功：32733
2023-01-09 10:17:07,498 Mdm_Article_Run -> 添加文章成功：32734
