2022-12-01 01:47:08,622 Works -> 当前作品ID为：6321
2022-12-01 01:52:37,575 Works -> 当前作品ID为：6321
2022-12-01 01:52:57,220 Works -> 花瓣上传图片有问题 或 选择画板有问题：请手动选择画板
2022-12-01 01:55:41,921 Works -> 当前作品ID为：6321
2022-12-01 01:56:01,365 Works -> 花瓣上传图片有问题 或 选择画板有问题：请手动选择画板
2022-12-01 02:00:00,647 Works -> 当前作品ID为：6321
2022-12-01 02:00:48,769 Works -> 当前作品ID为：6322
2022-12-01 02:01:35,864 Works -> 当前作品ID为：6323
2022-12-01 02:02:20,775 Works -> 当前作品ID为：6324
2022-12-01 02:03:05,303 Works -> 当前作品ID为：6325
2022-12-01 02:03:49,900 Works -> 当前作品ID为：6326
2022-12-01 02:04:34,550 Works -> 当前作品ID为：6327
2022-12-01 02:05:19,070 Works -> 当前作品ID为：6328
2022-12-01 02:06:03,811 Works -> 当前作品ID为：6329
2022-12-01 02:06:48,459 Works -> 当前作品ID为：6330
2022-12-01 02:07:33,374 Works -> 当前作品ID为：6331
2022-12-01 02:08:18,251 Works -> 当前作品ID为：6332
2022-12-01 02:09:02,951 Works -> 当前作品ID为：6333
2022-12-01 02:09:47,956 Works -> 当前作品ID为：6334
2022-12-01 02:10:32,963 Works -> 当前作品ID为：6335
2022-12-01 02:11:17,931 Works -> 当前作品ID为：6336
2022-12-01 02:12:02,725 Works -> 当前作品ID为：6337
2022-12-01 02:12:47,531 Works -> 当前作品ID为：6338
2022-12-01 02:13:32,352 Works -> 当前作品ID为：6339
2022-12-01 02:13:51,846 Works -> 花瓣上传图片有问题 或 选择画板有问题：请手动选择画板
2022-12-01 02:17:33,080 Works -> 当前作品ID为：6340
2022-12-06 19:20:35,457 Works -> 当前作品ID为：6341
2022-12-06 19:20:36,812 Works -> 点击添加采集失败 -> 正在重试...
2022-12-06 19:20:38,679 Works -> 点击添加采集失败 -> 正在重试...
2022-12-06 19:21:23,250 Works -> 当前作品ID为：6342
2022-12-06 19:22:07,538 Works -> 当前作品ID为：6343
2022-12-06 19:22:51,859 Works -> 当前作品ID为：6344
2022-12-06 19:23:36,337 Works -> 当前作品ID为：6345
2022-12-06 19:24:20,724 Works -> 当前作品ID为：6346
2022-12-06 19:25:05,097 Works -> 当前作品ID为：6347
2022-12-06 19:25:49,587 Works -> 当前作品ID为：6348
2022-12-06 19:26:34,084 Works -> 当前作品ID为：6349
2022-12-06 19:27:18,538 Works -> 当前作品ID为：6350
2022-12-06 19:28:03,311 Works -> 当前作品ID为：6351
2022-12-06 19:28:48,133 Works -> 当前作品ID为：6352
2022-12-06 19:29:32,956 Works -> 当前作品ID为：6353
2022-12-06 19:30:17,593 Works -> 当前作品ID为：6354
2022-12-06 19:31:02,263 Works -> 当前作品ID为：6355
2022-12-06 19:31:46,976 Works -> 当前作品ID为：6356
2022-12-06 19:32:31,567 Works -> 当前作品ID为：6357
2022-12-06 19:33:19,186 Works -> 当前作品ID为：6358
2022-12-06 19:34:03,976 Works -> 当前作品ID为：6359
2022-12-06 19:34:48,859 Works -> 当前作品ID为：6360
2022-12-06 19:35:33,812 Works -> 当前作品ID为：6361
2022-12-06 19:36:18,624 Works -> 当前作品ID为：6362
2022-12-06 19:37:03,475 Works -> 当前作品ID为：6363
2022-12-06 19:37:48,237 Works -> 当前作品ID为：6364
2022-12-06 19:38:33,176 Works -> 当前作品ID为：6366
2022-12-06 19:39:20,826 Works -> 当前作品ID为：6367
2022-12-06 19:40:05,887 Works -> 当前作品ID为：6368
2022-12-06 19:40:51,038 Works -> 当前作品ID为：6369
2022-12-06 19:41:35,980 Works -> 当前作品ID为：6370
2022-12-06 19:42:20,887 Works -> 当前作品ID为：6371
2022-12-06 19:43:05,833 Works -> 当前作品ID为：6372
2022-12-06 19:43:50,782 Works -> 当前作品ID为：6373
2022-12-06 19:44:35,663 Works -> 当前作品ID为：6374
2022-12-06 19:45:20,878 Works -> 当前作品ID为：6375
2022-12-06 19:46:07,808 Works -> 当前作品ID为：6376
2022-12-06 19:46:52,323 Works -> 当前作品ID为：6377
2022-12-06 19:47:11,637 Works -> 角色原画
2022-12-06 19:47:11,637 Works -> 花瓣上传图片有问题 或 选择画板有问题：请手动选择画板
2022-12-06 20:08:47,774 Works -> 当前作品ID为：6378
2022-12-06 20:09:32,273 Works -> 当前作品ID为：6379
2022-12-06 20:10:16,666 Works -> 当前作品ID为：6380
2022-12-06 20:11:01,037 Works -> 当前作品ID为：6381
2022-12-06 20:11:45,449 Works -> 当前作品ID为：6382
2022-12-06 20:12:29,915 Works -> 当前作品ID为：6383
2022-12-06 20:13:14,473 Works -> 当前作品ID为：6384
2022-12-06 20:14:02,303 Works -> 当前作品ID为：6385
2022-12-06 20:14:47,064 Works -> 当前作品ID为：6386
2022-12-06 20:15:31,873 Works -> 当前作品ID为：6387
2022-12-06 20:16:16,694 Works -> 当前作品ID为：6388
2022-12-06 20:17:01,687 Works -> 当前作品ID为：6389
2022-12-06 20:17:46,661 Works -> 当前作品ID为：6390
2022-12-06 20:18:31,606 Works -> 当前作品ID为：6391
2022-12-06 20:19:16,496 Works -> 当前作品ID为：6392
2022-12-06 20:20:01,330 Works -> 当前作品ID为：6393
2022-12-06 20:20:49,321 Works -> 当前作品ID为：6394
2022-12-06 20:21:34,595 Works -> 当前作品ID为：6395
2022-12-06 20:22:19,679 Works -> 当前作品ID为：6396
2022-12-06 20:23:04,874 Works -> 当前作品ID为：6398
2022-12-06 20:23:49,587 Works -> 当前作品ID为：6399
2022-12-06 20:24:34,223 Works -> 当前作品ID为：6400
2022-12-06 20:25:18,832 Works -> 当前作品ID为：6401
2022-12-06 20:26:03,614 Works -> 当前作品ID为：6402
2022-12-06 20:26:48,317 Works -> 当前作品ID为：6403
2022-12-06 20:27:32,896 Works -> 当前作品ID为：6404
2022-12-06 20:28:17,440 Works -> 当前作品ID为：6405
2022-12-06 20:29:02,000 Works -> 当前作品ID为：6406
2022-12-06 20:29:46,599 Works -> 当前作品ID为：6407
2022-12-06 20:30:06,036 Works -> CG美术基础
2022-12-06 20:30:06,037 Works -> 花瓣上传图片有问题 或 选择画板有问题：请手动选择画板
2022-12-06 20:37:25,246 Works -> 当前作品ID为：6407
2022-12-06 20:38:13,680 Works -> 当前作品ID为：6408
2022-12-06 20:38:58,540 Works -> 当前作品ID为：6409
2022-12-06 20:39:43,102 Works -> 当前作品ID为：6410
2022-12-06 20:40:27,789 Works -> 当前作品ID为：6411
2022-12-06 20:41:12,508 Works -> 当前作品ID为：6412
2022-12-06 20:41:57,253 Works -> 当前作品ID为：6413
2022-12-06 20:42:41,980 Works -> 当前作品ID为：6414
2022-12-06 20:43:26,730 Works -> 当前作品ID为：6415
2022-12-06 20:44:11,315 Works -> 当前作品ID为：6417
2022-12-06 20:44:56,148 Works -> 当前作品ID为：6418
2022-12-06 20:45:40,837 Works -> 当前作品ID为：6419
2022-12-06 20:46:25,542 Works -> 当前作品ID为：6420
2022-12-06 20:47:10,295 Works -> 当前作品ID为：6421
2022-12-06 20:47:55,209 Works -> 当前作品ID为：6422
2022-12-06 20:48:39,901 Works -> 当前作品ID为：6423
2022-12-06 20:48:41,231 Works -> 点击添加采集失败 -> 正在重试...
2022-12-06 20:49:25,493 Works -> 当前作品ID为：6424
2022-12-06 20:50:10,270 Works -> 当前作品ID为：6425
2022-12-06 20:50:55,053 Works -> 当前作品ID为：6426
2022-12-06 20:51:42,210 Works -> 当前作品ID为：6427
2022-12-06 20:52:26,867 Works -> 当前作品ID为：6428
2022-12-06 20:53:11,397 Works -> 当前作品ID为：6429
2022-12-06 20:53:55,947 Works -> 当前作品ID为：6430
2022-12-06 20:54:40,498 Works -> 当前作品ID为：6431
2022-12-06 20:55:25,007 Works -> 当前作品ID为：6432
2022-12-06 20:56:09,446 Works -> 当前作品ID为：6433
2022-12-06 20:56:53,952 Works -> 当前作品ID为：6434
2022-12-06 20:57:13,329 Works -> 角色原画
2022-12-06 20:57:13,329 Works -> 花瓣上传图片有问题 或 选择画板有问题：请手动选择画板
2022-12-07 17:54:11,513 Works -> 当前作品ID为：6472
2022-12-07 17:54:13,917 Works -> 点击添加采集失败 -> 正在重试...
2022-12-07 17:54:37,578 Works -> 当前作品ID为：6472
2022-12-07 17:54:38,932 Works -> 点击添加采集失败 -> 正在重试...
2022-12-07 17:54:39,728 Works -> 点击添加采集失败 -> 正在重试...
2022-12-07 17:54:40,525 Works -> 点击添加采集失败 -> 正在重试...
2022-12-07 17:54:41,321 Works -> 点击添加采集失败 -> 正在重试...
2022-12-07 17:54:42,134 Works -> 点击添加采集失败 -> 正在重试...
2022-12-07 17:54:42,949 Works -> 点击添加采集失败 -> 正在重试...
2022-12-07 17:54:43,771 Works -> 点击添加采集失败 -> 正在重试...
2022-12-07 17:54:44,581 Works -> 点击添加采集失败 -> 正在重试...
2022-12-07 17:54:45,401 Works -> 点击添加采集失败 -> 正在重试...
2022-12-07 17:54:46,199 Works -> 点击添加采集失败 -> 正在重试...
2022-12-07 17:54:47,016 Works -> 点击添加采集失败 -> 正在重试...
2022-12-07 17:54:47,821 Works -> 点击添加采集失败 -> 正在重试...
2022-12-07 17:54:48,616 Works -> 点击添加采集失败 -> 正在重试...
2022-12-07 17:54:49,416 Works -> 点击添加采集失败 -> 正在重试...
2022-12-07 17:54:50,239 Works -> 点击添加采集失败 -> 正在重试...
2022-12-07 17:54:51,035 Works -> 点击添加采集失败 -> 正在重试...
2022-12-07 17:54:51,832 Works -> 点击添加采集失败 -> 正在重试...
2022-12-07 17:54:52,622 Works -> 点击添加采集失败 -> 正在重试...
2022-12-07 17:54:53,427 Works -> 点击添加采集失败 -> 正在重试...
2022-12-07 17:54:54,263 Works -> 点击添加采集失败 -> 正在重试...
2022-12-07 17:54:55,060 Works -> 点击添加采集失败 -> 正在重试...
2022-12-07 17:54:55,860 Works -> 点击添加采集失败 -> 正在重试...
2022-12-07 17:54:56,649 Works -> 点击添加采集失败 -> 正在重试...
2022-12-07 17:54:57,444 Works -> 点击添加采集失败 -> 正在重试...
2022-12-07 17:54:58,240 Works -> 点击添加采集失败 -> 正在重试...
2022-12-07 17:54:59,041 Works -> 点击添加采集失败 -> 正在重试...
2022-12-07 17:54:59,837 Works -> 点击添加采集失败 -> 正在重试...
2022-12-07 17:55:00,629 Works -> 点击添加采集失败 -> 正在重试...
2022-12-07 17:55:01,442 Works -> 点击添加采集失败 -> 正在重试...
2022-12-07 17:55:02,240 Works -> 点击添加采集失败 -> 正在重试...
2022-12-07 17:55:03,043 Works -> 点击添加采集失败 -> 正在重试...
2022-12-07 17:55:03,841 Works -> 点击添加采集失败 -> 正在重试...
2022-12-07 17:55:04,643 Works -> 点击添加采集失败 -> 正在重试...
2022-12-07 17:55:05,439 Works -> 点击添加采集失败 -> 正在重试...
2022-12-07 17:55:06,236 Works -> 点击添加采集失败 -> 正在重试...
2022-12-07 17:55:07,050 Works -> 点击添加采集失败 -> 正在重试...
2022-12-07 17:55:07,865 Works -> 点击添加采集失败 -> 正在重试...
2022-12-07 17:55:08,660 Works -> 点击添加采集失败 -> 正在重试...
2022-12-07 17:55:09,463 Works -> 点击添加采集失败 -> 正在重试...
2022-12-07 17:55:10,272 Works -> 点击添加采集失败 -> 正在重试...
2022-12-07 17:55:11,079 Works -> 点击添加采集失败 -> 正在重试...
2022-12-07 17:55:11,881 Works -> 点击添加采集失败 -> 正在重试...
2022-12-07 17:55:12,676 Works -> 点击添加采集失败 -> 正在重试...
2022-12-07 17:55:13,478 Works -> 点击添加采集失败 -> 正在重试...
2022-12-07 17:55:14,272 Works -> 点击添加采集失败 -> 正在重试...
2022-12-07 17:55:15,081 Works -> 点击添加采集失败 -> 正在重试...
2022-12-07 17:55:15,884 Works -> 点击添加采集失败 -> 正在重试...
2022-12-07 17:55:16,706 Works -> 点击添加采集失败 -> 正在重试...
2022-12-07 17:55:17,520 Works -> 点击添加采集失败 -> 正在重试...
2022-12-07 17:55:18,329 Works -> 点击添加采集失败 -> 正在重试...
2022-12-07 17:55:19,129 Works -> 点击添加采集失败 -> 正在重试...
2022-12-07 17:55:19,949 Works -> 点击添加采集失败 -> 正在重试...
2022-12-07 17:55:20,740 Works -> 点击添加采集失败 -> 正在重试...
2022-12-07 17:55:21,535 Works -> 点击添加采集失败 -> 正在重试...
2022-12-07 17:55:22,328 Works -> 点击添加采集失败 -> 正在重试...
2022-12-07 17:55:23,139 Works -> 点击添加采集失败 -> 正在重试...
2022-12-07 17:55:23,942 Works -> 点击添加采集失败 -> 正在重试...
2022-12-07 17:55:24,743 Works -> 点击添加采集失败 -> 正在重试...
2022-12-07 17:55:25,557 Works -> 点击添加采集失败 -> 正在重试...
2022-12-07 17:55:26,415 Works -> 点击添加采集失败 -> 正在重试...
2022-12-07 17:55:27,207 Works -> 点击添加采集失败 -> 正在重试...
2022-12-07 17:55:28,012 Works -> 点击添加采集失败 -> 正在重试...
2022-12-07 17:55:28,813 Works -> 点击添加采集失败 -> 正在重试...
2022-12-07 17:55:29,630 Works -> 点击添加采集失败 -> 正在重试...
2022-12-07 17:55:30,424 Works -> 点击添加采集失败 -> 正在重试...
2022-12-07 17:55:31,215 Works -> 点击添加采集失败 -> 正在重试...
2022-12-07 17:55:32,008 Works -> 点击添加采集失败 -> 正在重试...
2022-12-07 17:55:32,806 Works -> 点击添加采集失败 -> 正在重试...
2022-12-07 17:55:33,597 Works -> 点击添加采集失败 -> 正在重试...
2022-12-07 17:55:34,401 Works -> 点击添加采集失败 -> 正在重试...
2022-12-07 17:55:35,195 Works -> 点击添加采集失败 -> 正在重试...
2022-12-07 17:55:36,000 Works -> 点击添加采集失败 -> 正在重试...
2022-12-07 17:55:36,796 Works -> 点击添加采集失败 -> 正在重试...
2022-12-07 17:55:37,601 Works -> 点击添加采集失败 -> 正在重试...
2022-12-07 17:55:38,395 Works -> 点击添加采集失败 -> 正在重试...
2022-12-07 17:55:39,200 Works -> 点击添加采集失败 -> 正在重试...
2022-12-07 17:55:40,002 Works -> 点击添加采集失败 -> 正在重试...
2022-12-07 17:55:40,829 Works -> 点击添加采集失败 -> 正在重试...
2022-12-07 17:55:41,626 Works -> 点击添加采集失败 -> 正在重试...
2022-12-07 17:55:42,432 Works -> 点击添加采集失败 -> 正在重试...
2022-12-07 17:55:43,228 Works -> 点击添加采集失败 -> 正在重试...
2022-12-07 17:55:44,033 Works -> 点击添加采集失败 -> 正在重试...
2022-12-07 17:55:44,826 Works -> 点击添加采集失败 -> 正在重试...
2022-12-07 17:55:45,638 Works -> 点击添加采集失败 -> 正在重试...
2022-12-07 17:55:46,446 Works -> 点击添加采集失败 -> 正在重试...
2022-12-07 17:55:47,242 Works -> 点击添加采集失败 -> 正在重试...
2022-12-07 17:55:48,053 Works -> 点击添加采集失败 -> 正在重试...
2022-12-07 17:55:48,845 Works -> 点击添加采集失败 -> 正在重试...
2022-12-07 17:55:49,650 Works -> 点击添加采集失败 -> 正在重试...
2022-12-07 17:55:50,449 Works -> 点击添加采集失败 -> 正在重试...
2022-12-07 17:55:51,266 Works -> 点击添加采集失败 -> 正在重试...
2022-12-07 17:55:52,078 Works -> 点击添加采集失败 -> 正在重试...
2022-12-07 17:55:52,885 Works -> 点击添加采集失败 -> 正在重试...
2022-12-07 17:55:53,691 Works -> 点击添加采集失败 -> 正在重试...
2022-12-07 17:55:54,518 Works -> 点击添加采集失败 -> 正在重试...
2022-12-07 17:55:55,304 Works -> 点击添加采集失败 -> 正在重试...
2022-12-07 17:55:56,097 Works -> 点击添加采集失败 -> 正在重试...
2022-12-07 17:55:56,894 Works -> 点击添加采集失败 -> 正在重试...
2022-12-07 17:55:57,693 Works -> 点击添加采集失败 -> 正在重试...
2022-12-07 17:55:58,500 Works -> 点击添加采集失败 -> 正在重试...
2022-12-07 17:55:59,297 Works -> 点击添加采集失败 -> 正在重试...
2022-12-07 17:56:00,094 Works -> 点击添加采集失败 -> 正在重试...
2022-12-07 17:56:00,897 Works -> 点击添加采集失败 -> 正在重试...
2022-12-07 17:56:01,690 Works -> 点击添加采集失败 -> 正在重试...
2022-12-07 17:56:02,482 Works -> 点击添加采集失败 -> 正在重试...
2022-12-07 17:56:03,276 Works -> 点击添加采集失败 -> 正在重试...
2022-12-07 17:56:04,081 Works -> 点击添加采集失败 -> 正在重试...
2022-12-07 17:56:04,878 Works -> 点击添加采集失败 -> 正在重试...
2022-12-07 17:56:05,684 Works -> 点击添加采集失败 -> 正在重试...
2022-12-07 17:56:06,480 Works -> 点击添加采集失败 -> 正在重试...
2022-12-07 17:56:07,294 Works -> 点击添加采集失败 -> 正在重试...
2022-12-07 17:56:08,097 Works -> 点击添加采集失败 -> 正在重试...
2022-12-07 17:56:08,909 Works -> 点击添加采集失败 -> 正在重试...
2022-12-07 17:56:09,713 Works -> 点击添加采集失败 -> 正在重试...
2022-12-07 17:56:10,510 Works -> 点击添加采集失败 -> 正在重试...
2022-12-07 17:56:11,313 Works -> 点击添加采集失败 -> 正在重试...
2022-12-07 17:56:12,107 Works -> 点击添加采集失败 -> 正在重试...
2022-12-07 17:56:12,920 Works -> 点击添加采集失败 -> 正在重试...
2022-12-07 17:56:13,720 Works -> 点击添加采集失败 -> 正在重试...
2022-12-07 17:56:14,532 Works -> 点击添加采集失败 -> 正在重试...
2022-12-07 17:56:15,363 Works -> 点击添加采集失败 -> 正在重试...
2022-12-07 17:56:34,319 Works -> 场景概念
2022-12-07 17:56:34,319 Works -> 花瓣上传图片有问题 或 选择画板有问题：请手动选择画板
2022-12-07 17:58:40,887 Works -> 当前作品ID为：6455
2022-12-07 17:59:00,429 Works -> 商业插画
2022-12-07 17:59:00,429 Works -> 花瓣上传图片有问题 或 选择画板有问题：请手动选择画板
2022-12-07 17:59:30,802 Works -> 当前作品ID为：6455
2022-12-07 17:59:50,338 Works -> 商业插画
2022-12-07 17:59:50,338 Works -> 花瓣上传图片有问题 或 选择画板有问题：请手动选择画板
2022-12-07 18:01:33,869 Works -> 当前作品ID为：6455
2022-12-07 18:01:57,138 Works -> 当前作品ID为：6455
2022-12-07 18:02:16,816 Works -> 商业插画
2022-12-07 18:02:16,816 Works -> 花瓣上传图片有问题 或 选择画板有问题：请手动选择画板
2022-12-07 18:02:53,696 Works -> 当前作品ID为：6455
2022-12-07 18:03:44,577 Works -> 当前作品ID为：6455
2022-12-07 18:03:45,969 Works -> 点击添加采集失败 -> 正在重试...
2022-12-07 18:03:46,771 Works -> 点击添加采集失败 -> 正在重试...
2022-12-07 18:03:47,582 Works -> 点击添加采集失败 -> 正在重试...
2022-12-07 18:03:51,504 Works -> 点击上传图片失败，手动点击
2022-12-07 18:05:14,772 Works -> 当前作品ID为：6432
2022-12-07 18:06:00,471 Works -> 当前作品ID为：6433
2022-12-07 18:06:32,026 Works -> 当前作品ID为：6434
2022-12-07 18:06:51,855 Works -> 角色原画
2022-12-07 18:06:51,855 Works -> 花瓣上传图片有问题 或 选择画板有问题：请手动选择画板
2022-12-07 18:16:37,175 Works -> 当前作品ID为：6321
2022-12-07 18:17:25,100 Works -> 当前作品ID为：6322
2022-12-07 18:18:09,888 Works -> 当前作品ID为：6323
2022-12-07 18:18:54,712 Works -> 当前作品ID为：6324
2022-12-07 18:19:39,246 Works -> 当前作品ID为：6325
2022-12-07 18:20:23,786 Works -> 当前作品ID为：6326
2022-12-07 18:21:08,517 Works -> 当前作品ID为：6327
2022-12-07 18:21:53,012 Works -> 当前作品ID为：6328
2022-12-07 18:22:37,857 Works -> 当前作品ID为：6329
2022-12-07 18:23:22,353 Works -> 当前作品ID为：6330
2022-12-07 18:24:07,234 Works -> 当前作品ID为：6331
2022-12-07 18:24:51,993 Works -> 当前作品ID为：6332
2022-12-07 18:25:36,918 Works -> 当前作品ID为：6333
2022-12-07 18:26:21,914 Works -> 当前作品ID为：6334
2022-12-07 18:27:06,900 Works -> 当前作品ID为：6335
2022-12-07 18:27:51,696 Works -> 当前作品ID为：6336
2022-12-07 18:28:36,479 Works -> 当前作品ID为：6337
2022-12-07 18:29:21,313 Works -> 当前作品ID为：6338
2022-12-07 18:30:06,118 Works -> 当前作品ID为：6339
2022-12-07 18:30:53,426 Works -> 当前作品ID为：6340
2022-12-07 18:31:37,959 Works -> 当前作品ID为：6341
2022-12-07 18:32:22,598 Works -> 当前作品ID为：6342
2022-12-07 18:33:07,183 Works -> 当前作品ID为：6343
2022-12-07 18:33:51,645 Works -> 当前作品ID为：6344
2022-12-07 18:34:36,473 Works -> 当前作品ID为：6345
2022-12-07 18:35:21,058 Works -> 当前作品ID为：6346
2022-12-07 18:36:05,684 Works -> 当前作品ID为：6347
2022-12-07 18:36:50,177 Works -> 当前作品ID为：6348
2022-12-07 18:37:34,758 Works -> 当前作品ID为：6349
2022-12-07 18:38:19,487 Works -> 当前作品ID为：6350
2022-12-07 18:39:04,066 Works -> 当前作品ID为：6351
2022-12-07 18:39:48,758 Works -> 当前作品ID为：6352
2022-12-07 18:40:33,594 Works -> 当前作品ID为：6353
2022-12-07 18:41:18,245 Works -> 当前作品ID为：6354
2022-12-07 18:42:02,828 Works -> 当前作品ID为：6355
2022-12-07 18:42:47,567 Works -> 当前作品ID为：6356
2022-12-07 18:43:32,139 Works -> 当前作品ID为：6357
2022-12-07 18:44:19,547 Works -> 当前作品ID为：6358
2022-12-07 18:45:04,316 Works -> 当前作品ID为：6359
2022-12-07 18:45:49,227 Works -> 当前作品ID为：6360
2022-12-07 18:46:33,997 Works -> 当前作品ID为：6361
2022-12-07 18:47:18,938 Works -> 当前作品ID为：6362
2022-12-07 18:48:03,654 Works -> 当前作品ID为：6363
2022-12-07 18:48:48,503 Works -> 当前作品ID为：6364
2022-12-07 18:49:33,188 Works -> 当前作品ID为：6366
2022-12-07 18:50:20,739 Works -> 当前作品ID为：6367
2022-12-07 18:51:05,911 Works -> 当前作品ID为：6368
2022-12-07 18:51:50,905 Works -> 当前作品ID为：6369
2022-12-07 18:52:35,879 Works -> 当前作品ID为：6370
2022-12-07 18:53:20,928 Works -> 当前作品ID为：6371
2022-12-07 18:54:05,921 Works -> 当前作品ID为：6372
2022-12-07 18:54:50,822 Works -> 当前作品ID为：6373
2022-12-07 18:55:35,872 Works -> 当前作品ID为：6374
2022-12-07 18:56:20,919 Works -> 当前作品ID为：6375
2022-12-07 18:57:07,937 Works -> 当前作品ID为：6376
2022-12-07 18:57:52,448 Works -> 当前作品ID为：6377
2022-12-07 18:58:36,854 Works -> 当前作品ID为：6378
2022-12-07 18:59:21,199 Works -> 当前作品ID为：6379
2022-12-07 19:00:05,718 Works -> 当前作品ID为：6380
2022-12-07 19:00:50,037 Works -> 当前作品ID为：6381
2022-12-07 19:01:34,549 Works -> 当前作品ID为：6382
2022-12-07 19:02:19,097 Works -> 当前作品ID为：6383
2022-12-07 19:03:03,454 Works -> 当前作品ID为：6384
2022-12-07 19:03:50,706 Works -> 当前作品ID为：6385
2022-12-07 19:04:35,430 Works -> 当前作品ID为：6386
2022-12-07 19:05:20,034 Works -> 当前作品ID为：6387
2022-12-07 19:06:04,738 Works -> 当前作品ID为：6388
2022-12-07 19:06:49,683 Works -> 当前作品ID为：6389
2022-12-07 19:07:34,513 Works -> 当前作品ID为：6390
2022-12-07 19:08:19,349 Works -> 当前作品ID为：6391
2022-12-07 19:09:03,980 Works -> 当前作品ID为：6392
2022-12-07 19:09:48,708 Works -> 当前作品ID为：6393
2022-12-07 19:10:36,626 Works -> 当前作品ID为：6394
2022-12-07 19:11:21,735 Works -> 当前作品ID为：6395
2022-12-07 19:12:06,898 Works -> 当前作品ID为：6396
2022-12-07 19:12:52,078 Works -> 当前作品ID为：6398
2022-12-07 19:13:36,596 Works -> 当前作品ID为：6399
2022-12-07 19:14:21,160 Works -> 当前作品ID为：6400
2022-12-07 19:15:05,640 Works -> 当前作品ID为：6401
2022-12-07 19:15:50,221 Works -> 当前作品ID为：6402
2022-12-07 19:16:34,830 Works -> 当前作品ID为：6403
2022-12-07 19:17:19,340 Works -> 当前作品ID为：6404
2022-12-07 19:18:03,744 Works -> 当前作品ID为：6405
2022-12-07 19:18:48,231 Works -> 当前作品ID为：6406
2022-12-07 19:19:32,758 Works -> 当前作品ID为：6407
2022-12-07 19:20:20,192 Works -> 当前作品ID为：6408
2022-12-07 19:21:04,897 Works -> 当前作品ID为：6409
2022-12-07 19:21:49,810 Works -> 当前作品ID为：6410
2022-12-07 19:22:34,808 Works -> 当前作品ID为：6411
2022-12-07 19:23:19,741 Works -> 当前作品ID为：6412
2022-12-07 19:24:04,518 Works -> 当前作品ID为：6413
2022-12-07 19:24:49,319 Works -> 当前作品ID为：6414
2022-12-07 19:25:34,131 Works -> 当前作品ID为：6415
2022-12-07 19:26:19,113 Works -> 当前作品ID为：6417
2022-12-07 19:27:04,055 Works -> 当前作品ID为：6418
2022-12-07 19:27:49,120 Works -> 当前作品ID为：6419
2022-12-07 19:28:34,054 Works -> 当前作品ID为：6420
2022-12-07 19:29:19,024 Works -> 当前作品ID为：6421
2022-12-07 19:30:04,009 Works -> 当前作品ID为：6422
2022-12-07 19:30:49,012 Works -> 当前作品ID为：6423
2022-12-07 19:31:33,788 Works -> 当前作品ID为：6424
2022-12-07 19:32:18,894 Works -> 当前作品ID为：6425
2022-12-07 19:33:03,786 Works -> 当前作品ID为：6426
2022-12-07 19:33:51,195 Works -> 当前作品ID为：6427
2022-12-07 19:34:35,945 Works -> 当前作品ID为：6428
2022-12-07 19:35:20,773 Works -> 当前作品ID为：6429
2022-12-07 19:36:05,555 Works -> 当前作品ID为：6430
2022-12-07 19:36:50,271 Works -> 当前作品ID为：6431
2022-12-07 19:37:35,011 Works -> 当前作品ID为：6432
2022-12-07 19:38:19,687 Works -> 当前作品ID为：6433
2022-12-07 19:39:04,356 Works -> 当前作品ID为：6434
2022-12-07 19:39:48,963 Works -> 当前作品ID为：6455
2022-12-07 19:40:36,459 Works -> 当前作品ID为：6456
2022-12-07 19:41:21,475 Works -> 当前作品ID为：6457
2022-12-07 19:42:06,336 Works -> 当前作品ID为：6458
2022-12-07 19:42:51,143 Works -> 当前作品ID为：6459
2022-12-07 19:43:36,043 Works -> 当前作品ID为：6460
2022-12-07 19:44:20,966 Works -> 当前作品ID为：6461
2022-12-07 19:45:05,785 Works -> 当前作品ID为：6462
2022-12-07 19:45:50,569 Works -> 当前作品ID为：6463
2022-12-07 19:46:35,580 Works -> 当前作品ID为：6464
2022-12-07 19:47:22,944 Works -> 当前作品ID为：6465
2022-12-07 19:48:07,727 Works -> 当前作品ID为：6466
2022-12-07 19:48:52,408 Works -> 当前作品ID为：6467
2022-12-07 19:49:37,207 Works -> 当前作品ID为：6468
2022-12-07 19:50:21,932 Works -> 当前作品ID为：6471
2022-12-07 19:51:06,498 Works -> 当前作品ID为：6472
2022-12-07 19:51:51,195 Works -> 当前作品ID为：6473
2022-12-07 19:52:38,245 Works -> 当前作品ID为：6474
2022-12-07 19:53:22,729 Works -> 当前作品ID为：6475
2022-12-07 19:53:42,159 Works -> 商业插画
2022-12-07 19:53:42,160 Works -> 花瓣上传图片有问题 或 选择画板有问题：请手动选择画板
2022-12-07 19:59:45,961 Works -> 当前作品ID为：6476
2022-12-07 20:00:30,494 Works -> 当前作品ID为：6477
2022-12-07 20:01:16,341 Works -> 当前作品ID为：6478
2022-12-07 20:02:00,848 Works -> 当前作品ID为：6479
2022-12-07 20:02:45,439 Works -> 当前作品ID为：6480
2022-12-07 20:03:30,087 Works -> 当前作品ID为：6481
2022-12-07 20:04:14,517 Works -> 当前作品ID为：6483
2022-12-07 20:04:59,545 Works -> 当前作品ID为：6484
2022-12-07 20:05:44,399 Works -> 当前作品ID为：6485
2022-12-07 20:06:29,418 Works -> 当前作品ID为：6486
2022-12-07 20:07:14,348 Works -> 当前作品ID为：6487
2022-12-07 20:07:59,386 Works -> 当前作品ID为：6488
2022-12-07 20:08:44,345 Works -> 当前作品ID为：6489
2022-12-07 20:09:29,243 Works -> 当前作品ID为：6490
2022-12-07 20:10:14,141 Works -> 当前作品ID为：6491
2022-12-07 20:11:02,139 Works -> 当前作品ID为：6492
2022-12-07 20:11:46,965 Works -> 当前作品ID为：6493
2022-12-07 20:12:31,790 Works -> 当前作品ID为：6494
2022-12-07 20:13:16,670 Works -> 当前作品ID为：6495
2022-12-07 20:14:01,324 Works -> 当前作品ID为：6496
2022-12-07 20:14:46,042 Works -> 当前作品ID为：6497
2022-12-07 20:15:30,900 Works -> 当前作品ID为：6498
2022-12-07 20:16:15,731 Works -> 当前作品ID为：6499
2022-12-07 20:17:00,393 Works -> 当前作品ID为：6500
2022-12-07 20:17:48,374 Works -> 当前作品ID为：6501
2022-12-07 20:18:33,671 Works -> 当前作品ID为：6502
2022-12-07 20:19:18,955 Works -> 当前作品ID为：6503
2022-12-07 20:20:04,035 Works -> 当前作品ID为：6504
2022-12-07 20:20:49,176 Works -> 当前作品ID为：6505
2022-12-07 20:21:34,283 Works -> 当前作品ID为：6506
2022-12-07 20:22:19,575 Works -> 当前作品ID为：6507
2022-12-07 20:23:04,770 Works -> 当前作品ID为：6508
2022-12-07 20:23:49,926 Works -> 当前作品ID为：6509
2022-12-07 20:24:35,387 Works -> 当前作品ID为：6510
2022-12-07 20:25:20,578 Works -> 当前作品ID为：6511
2022-12-07 20:26:05,749 Works -> 当前作品ID为：6512
2022-12-07 20:26:50,720 Works -> 当前作品ID为：6513
2022-12-07 20:27:10,246 Works -> CG漫画
2022-12-07 20:27:10,246 Works -> 花瓣上传图片有问题 或 选择画板有问题：请手动选择画板
2022-12-07 21:30:25,964 Works -> 当前作品ID为：6514
2022-12-07 21:31:10,997 Works -> 当前作品ID为：6515
2022-12-07 21:31:56,422 Works -> 当前作品ID为：6516
2022-12-07 21:32:41,709 Works -> 当前作品ID为：6517
2022-12-07 21:33:27,042 Works -> 当前作品ID为：6526
2022-12-07 21:34:14,306 Works -> 当前作品ID为：6527
2022-12-07 21:34:58,803 Works -> 当前作品ID为：6528
2022-12-07 21:35:43,283 Works -> 当前作品ID为：6529
2022-12-07 21:36:27,794 Works -> 当前作品ID为：6530
2022-12-07 21:37:12,180 Works -> 当前作品ID为：6531
2022-12-07 21:37:56,646 Works -> 当前作品ID为：6532
2022-12-07 21:38:16,062 Works -> CG美术基础
2022-12-07 21:38:16,063 Works -> 花瓣上传图片有问题 或 选择画板有问题：请手动选择画板
2022-12-07 21:39:56,083 Works -> 当前作品ID为：6533
2022-12-07 21:40:40,769 Works -> 当前作品ID为：6534
2022-12-07 21:41:25,284 Works -> 当前作品ID为：6535
2022-12-07 21:42:09,810 Works -> 当前作品ID为：6536
2022-12-07 21:42:54,598 Works -> 当前作品ID为：6537
2022-12-07 21:43:39,475 Works -> 当前作品ID为：6538
2022-12-07 21:44:24,127 Works -> 当前作品ID为：6539
2022-12-07 21:45:08,781 Works -> 当前作品ID为：6540
2022-12-07 21:45:53,463 Works -> 当前作品ID为：6541
2022-12-08 19:18:56,627 Works -> 当前作品ID为：6473
2022-12-08 19:18:58,164 Works -> 点击添加采集失败 -> 正在重试...
2022-12-08 19:18:59,130 Works -> 点击添加采集失败 -> 正在重试...
2022-12-08 19:19:00,034 Works -> 点击添加采集失败 -> 正在重试...
2022-12-08 19:19:00,852 Works -> 点击添加采集失败 -> 正在重试...
2022-12-08 19:19:01,675 Works -> 点击添加采集失败 -> 正在重试...
2022-12-08 19:19:02,490 Works -> 点击添加采集失败 -> 正在重试...
2022-12-08 19:19:03,283 Works -> 点击添加采集失败 -> 正在重试...
2022-12-08 19:19:04,104 Works -> 点击添加采集失败 -> 正在重试...
2022-12-08 19:19:04,919 Works -> 点击添加采集失败 -> 正在重试...
2022-12-08 19:19:05,739 Works -> 点击添加采集失败 -> 正在重试...
2022-12-08 19:19:06,533 Works -> 点击添加采集失败 -> 正在重试...
2022-12-08 19:19:07,347 Works -> 点击添加采集失败 -> 正在重试...
2022-12-08 19:19:08,159 Works -> 点击添加采集失败 -> 正在重试...
2022-12-08 19:19:08,963 Works -> 点击添加采集失败 -> 正在重试...
2022-12-08 19:19:09,800 Works -> 点击添加采集失败 -> 正在重试...
2022-12-08 19:19:10,634 Works -> 点击添加采集失败 -> 正在重试...
2022-12-08 19:19:11,432 Works -> 点击添加采集失败 -> 正在重试...
2022-12-08 19:19:12,252 Works -> 点击添加采集失败 -> 正在重试...
2022-12-08 19:19:13,061 Works -> 点击添加采集失败 -> 正在重试...
2022-12-08 19:19:13,858 Works -> 点击添加采集失败 -> 正在重试...
2022-12-08 19:19:14,684 Works -> 点击添加采集失败 -> 正在重试...
2022-12-08 19:19:15,511 Works -> 点击添加采集失败 -> 正在重试...
2022-12-08 19:19:16,357 Works -> 点击添加采集失败 -> 正在重试...
2022-12-08 19:19:17,189 Works -> 点击添加采集失败 -> 正在重试...
2022-12-08 19:19:17,993 Works -> 点击添加采集失败 -> 正在重试...
2022-12-08 19:19:18,804 Works -> 点击添加采集失败 -> 正在重试...
2022-12-08 19:19:19,619 Works -> 点击添加采集失败 -> 正在重试...
2022-12-08 19:19:20,425 Works -> 点击添加采集失败 -> 正在重试...
2022-12-08 19:19:21,222 Works -> 点击添加采集失败 -> 正在重试...
2022-12-08 19:19:22,016 Works -> 点击添加采集失败 -> 正在重试...
2022-12-08 19:19:22,825 Works -> 点击添加采集失败 -> 正在重试...
2022-12-08 19:19:23,609 Works -> 点击添加采集失败 -> 正在重试...
2022-12-08 19:19:24,416 Works -> 点击添加采集失败 -> 正在重试...
2022-12-08 19:19:25,255 Works -> 点击添加采集失败 -> 正在重试...
2022-12-08 19:19:26,063 Works -> 点击添加采集失败 -> 正在重试...
2022-12-08 19:19:26,865 Works -> 点击添加采集失败 -> 正在重试...
2022-12-08 19:19:27,672 Works -> 点击添加采集失败 -> 正在重试...
2022-12-08 19:19:28,488 Works -> 点击添加采集失败 -> 正在重试...
2022-12-08 19:19:29,308 Works -> 点击添加采集失败 -> 正在重试...
2022-12-08 19:19:30,107 Works -> 点击添加采集失败 -> 正在重试...
2022-12-08 19:19:30,914 Works -> 点击添加采集失败 -> 正在重试...
2022-12-08 19:19:31,728 Works -> 点击添加采集失败 -> 正在重试...
2022-12-08 19:19:32,533 Works -> 点击添加采集失败 -> 正在重试...
2022-12-08 19:19:33,330 Works -> 点击添加采集失败 -> 正在重试...
2022-12-08 19:19:34,145 Works -> 点击添加采集失败 -> 正在重试...
2022-12-08 19:19:34,956 Works -> 点击添加采集失败 -> 正在重试...
2022-12-08 19:19:35,780 Works -> 点击添加采集失败 -> 正在重试...
2022-12-08 19:19:36,598 Works -> 点击添加采集失败 -> 正在重试...
2022-12-08 19:19:37,436 Works -> 点击添加采集失败 -> 正在重试...
2022-12-08 19:19:38,243 Works -> 点击添加采集失败 -> 正在重试...
2022-12-08 19:19:39,053 Works -> 点击添加采集失败 -> 正在重试...
2022-12-08 19:19:39,879 Works -> 点击添加采集失败 -> 正在重试...
2022-12-08 19:19:40,689 Works -> 点击添加采集失败 -> 正在重试...
2022-12-08 19:19:41,502 Works -> 点击添加采集失败 -> 正在重试...
2022-12-08 19:19:42,308 Works -> 点击添加采集失败 -> 正在重试...
2022-12-08 19:19:43,108 Works -> 点击添加采集失败 -> 正在重试...
2022-12-08 19:19:43,919 Works -> 点击添加采集失败 -> 正在重试...
2022-12-08 19:19:44,725 Works -> 点击添加采集失败 -> 正在重试...
2022-12-08 19:19:45,535 Works -> 点击添加采集失败 -> 正在重试...
2022-12-08 19:19:46,346 Works -> 点击添加采集失败 -> 正在重试...
2022-12-08 19:19:47,174 Works -> 点击添加采集失败 -> 正在重试...
2022-12-08 19:19:47,989 Works -> 点击添加采集失败 -> 正在重试...
2022-12-08 19:19:48,788 Works -> 点击添加采集失败 -> 正在重试...
2022-12-08 19:19:49,595 Works -> 点击添加采集失败 -> 正在重试...
2022-12-08 19:19:50,394 Works -> 点击添加采集失败 -> 正在重试...
2022-12-08 19:19:51,180 Works -> 点击添加采集失败 -> 正在重试...
2022-12-08 19:19:51,990 Works -> 点击添加采集失败 -> 正在重试...
2022-12-08 19:19:52,804 Works -> 点击添加采集失败 -> 正在重试...
2022-12-08 19:19:53,630 Works -> 点击添加采集失败 -> 正在重试...
2022-12-08 19:19:54,451 Works -> 点击添加采集失败 -> 正在重试...
2022-12-08 19:19:55,273 Works -> 点击添加采集失败 -> 正在重试...
2022-12-08 19:19:56,143 Works -> 点击添加采集失败 -> 正在重试...
2022-12-08 19:19:56,994 Works -> 点击添加采集失败 -> 正在重试...
2022-12-08 19:19:57,787 Works -> 点击添加采集失败 -> 正在重试...
2022-12-08 19:19:58,615 Works -> 点击添加采集失败 -> 正在重试...
2022-12-08 19:20:46,016 Works -> 当前作品ID为：6474
2022-12-08 19:21:30,536 Works -> 当前作品ID为：6475
2022-12-08 19:22:15,014 Works -> 当前作品ID为：6476
2022-12-08 19:22:59,431 Works -> 当前作品ID为：6477
2022-12-08 19:23:43,946 Works -> 当前作品ID为：6478
2022-12-08 19:24:28,466 Works -> 当前作品ID为：6479
2022-12-08 19:24:47,887 Works -> 商业插画
2022-12-08 19:24:47,887 Works -> 花瓣上传图片有问题 或 选择画板有问题：请手动选择画板
2022-12-08 19:47:07,752 Works -> 当前作品ID为：6480
2022-12-08 19:47:52,407 Works -> 当前作品ID为：6481
2022-12-08 19:48:37,296 Works -> 当前作品ID为：6483
2022-12-08 19:49:22,558 Works -> 当前作品ID为：6484
2022-12-08 19:50:07,764 Works -> 当前作品ID为：6485
2022-12-08 19:50:52,750 Works -> 当前作品ID为：6486
2022-12-08 19:51:37,730 Works -> 当前作品ID为：6487
2022-12-08 19:52:22,726 Works -> 当前作品ID为：6488
2022-12-08 19:53:07,710 Works -> 当前作品ID为：6489
2022-12-08 19:53:52,902 Works -> 当前作品ID为：6490
2022-12-08 19:54:37,986 Works -> 当前作品ID为：6491
2022-12-08 19:55:25,701 Works -> 当前作品ID为：6492
2022-12-08 19:56:10,562 Works -> 当前作品ID为：6493
2022-12-08 19:56:55,527 Works -> 当前作品ID为：6494
2022-12-08 19:57:40,431 Works -> 当前作品ID为：6495
2022-12-08 19:58:25,401 Works -> 当前作品ID为：6496
2022-12-08 19:59:10,140 Works -> 当前作品ID为：6497
2022-12-08 19:59:55,093 Works -> 当前作品ID为：6498
2022-12-08 20:00:39,879 Works -> 当前作品ID为：6499
2022-12-08 20:01:25,419 Works -> 当前作品ID为：6500
2022-12-08 20:02:13,264 Works -> 当前作品ID为：6501
2022-12-08 20:02:58,708 Works -> 当前作品ID为：6502
2022-12-08 20:03:43,903 Works -> 当前作品ID为：6503
2022-12-08 20:04:29,244 Works -> 当前作品ID为：6504
2022-12-08 20:05:14,734 Works -> 当前作品ID为：6505
2022-12-08 20:06:00,165 Works -> 当前作品ID为：6506
2022-12-08 20:06:19,620 Works -> CG漫画
2022-12-08 20:06:19,621 Works -> 花瓣上传图片有问题 或 选择画板有问题：请手动选择画板
2022-12-08 20:40:09,374 Works -> 当前作品ID为：6542
2022-12-08 20:40:11,841 Works -> 点击添加采集失败 -> 正在重试...
2022-12-08 20:40:13,695 Works -> 点击添加采集失败 -> 正在重试...
2022-12-08 20:40:15,608 Works -> 点击添加采集失败 -> 正在重试...
2022-12-08 20:40:17,474 Works -> 点击添加采集失败 -> 正在重试...
2022-12-08 20:40:18,262 Works -> 点击添加采集失败 -> 正在重试...
2022-12-08 20:41:05,762 Works -> 当前作品ID为：6543
2022-12-08 20:41:08,149 Works -> 点击添加采集失败 -> 正在重试...
2022-12-08 20:41:10,064 Works -> 点击添加采集失败 -> 正在重试...
2022-12-08 20:41:11,937 Works -> 点击添加采集失败 -> 正在重试...
2022-12-08 20:41:13,806 Works -> 点击添加采集失败 -> 正在重试...
2022-12-08 20:41:15,674 Works -> 点击添加采集失败 -> 正在重试...
2022-12-08 20:41:17,560 Works -> 点击添加采集失败 -> 正在重试...
2022-12-08 20:41:19,415 Works -> 点击添加采集失败 -> 正在重试...
2022-12-08 20:41:21,259 Works -> 点击添加采集失败 -> 正在重试...
2022-12-08 20:41:23,151 Works -> 点击添加采集失败 -> 正在重试...
2022-12-08 20:41:25,000 Works -> 点击添加采集失败 -> 正在重试...
2022-12-08 20:41:25,837 Works -> 点击添加采集失败 -> 正在重试...
2022-12-08 20:41:27,734 Works -> 点击添加采集失败 -> 正在重试...
2022-12-08 20:41:29,602 Works -> 点击添加采集失败 -> 正在重试...
2022-12-08 20:41:31,484 Works -> 点击添加采集失败 -> 正在重试...
2022-12-08 20:41:33,328 Works -> 点击添加采集失败 -> 正在重试...
2022-12-08 20:41:35,195 Works -> 点击添加采集失败 -> 正在重试...
2022-12-08 20:41:37,080 Works -> 点击添加采集失败 -> 正在重试...
2022-12-08 20:41:38,955 Works -> 点击添加采集失败 -> 正在重试...
2022-12-08 20:41:40,818 Works -> 点击添加采集失败 -> 正在重试...
2022-12-08 20:41:42,705 Works -> 点击添加采集失败 -> 正在重试...
2022-12-08 20:41:44,600 Works -> 点击添加采集失败 -> 正在重试...
2022-12-08 20:41:46,480 Works -> 点击添加采集失败 -> 正在重试...
2022-12-08 20:41:48,342 Works -> 点击添加采集失败 -> 正在重试...
2022-12-08 20:41:50,246 Works -> 点击添加采集失败 -> 正在重试...
2022-12-08 20:41:52,101 Works -> 点击添加采集失败 -> 正在重试...
2022-12-08 20:41:53,956 Works -> 点击添加采集失败 -> 正在重试...
2022-12-08 20:41:55,815 Works -> 点击添加采集失败 -> 正在重试...
2022-12-08 20:41:57,688 Works -> 点击添加采集失败 -> 正在重试...
2022-12-08 20:41:59,616 Works -> 点击添加采集失败 -> 正在重试...
2022-12-08 20:42:01,508 Works -> 点击添加采集失败 -> 正在重试...
2022-12-08 20:42:03,357 Works -> 点击添加采集失败 -> 正在重试...
2022-12-08 20:42:05,221 Works -> 点击添加采集失败 -> 正在重试...
2022-12-08 20:42:07,074 Works -> 点击添加采集失败 -> 正在重试...
2022-12-08 20:42:08,981 Works -> 点击添加采集失败 -> 正在重试...
2022-12-08 20:42:10,889 Works -> 点击添加采集失败 -> 正在重试...
2022-12-08 20:42:12,787 Works -> 点击添加采集失败 -> 正在重试...
2022-12-08 20:42:14,672 Works -> 点击添加采集失败 -> 正在重试...
2022-12-08 20:42:15,506 Works -> 点击添加采集失败 -> 正在重试...
2022-12-08 20:42:59,773 Works -> 当前作品ID为：6544
2022-12-08 20:43:02,189 Works -> 点击添加采集失败 -> 正在重试...
2022-12-08 20:43:04,058 Works -> 点击添加采集失败 -> 正在重试...
2022-12-08 20:43:05,971 Works -> 点击添加采集失败 -> 正在重试...
2022-12-08 20:43:07,822 Works -> 点击添加采集失败 -> 正在重试...
2022-12-08 20:43:09,713 Works -> 点击添加采集失败 -> 正在重试...
2022-12-08 20:43:11,589 Works -> 点击添加采集失败 -> 正在重试...
2022-12-08 20:43:13,455 Works -> 点击添加采集失败 -> 正在重试...
2022-12-08 20:43:15,343 Works -> 点击添加采集失败 -> 正在重试...
2022-12-08 20:43:17,215 Works -> 点击添加采集失败 -> 正在重试...
2022-12-08 20:43:19,111 Works -> 点击添加采集失败 -> 正在重试...
2022-12-08 20:44:03,281 Works -> 当前作品ID为：6545
2022-12-08 20:44:05,673 Works -> 点击添加采集失败 -> 正在重试...
2022-12-08 20:44:07,520 Works -> 点击添加采集失败 -> 正在重试...
2022-12-08 20:44:09,443 Works -> 点击添加采集失败 -> 正在重试...
2022-12-08 20:44:11,339 Works -> 点击添加采集失败 -> 正在重试...
2022-12-08 20:44:13,215 Works -> 点击添加采集失败 -> 正在重试...
2022-12-08 20:44:15,059 Works -> 点击添加采集失败 -> 正在重试...
2022-12-08 20:44:16,951 Works -> 点击添加采集失败 -> 正在重试...
2022-12-08 20:44:18,846 Works -> 点击添加采集失败 -> 正在重试...
2022-12-08 20:44:20,694 Works -> 点击添加采集失败 -> 正在重试...
2022-12-08 20:44:22,580 Works -> 点击添加采集失败 -> 正在重试...
2022-12-08 20:44:24,499 Works -> 点击添加采集失败 -> 正在重试...
2022-12-08 20:44:26,408 Works -> 点击添加采集失败 -> 正在重试...
2022-12-08 20:44:28,285 Works -> 点击添加采集失败 -> 正在重试...
2022-12-08 20:44:30,198 Works -> 点击添加采集失败 -> 正在重试...
2022-12-08 20:44:32,110 Works -> 点击添加采集失败 -> 正在重试...
2022-12-08 20:44:34,005 Works -> 点击添加采集失败 -> 正在重试...
2022-12-08 20:44:35,918 Works -> 点击添加采集失败 -> 正在重试...
2022-12-08 20:44:37,822 Works -> 点击添加采集失败 -> 正在重试...
2022-12-08 20:44:39,736 Works -> 点击添加采集失败 -> 正在重试...
2022-12-08 20:44:41,622 Works -> 点击添加采集失败 -> 正在重试...
2022-12-08 20:44:42,432 Works -> 点击添加采集失败 -> 正在重试...
2022-12-08 20:45:26,381 Works -> 当前作品ID为：6546
2022-12-08 20:45:28,852 Works -> 点击添加采集失败 -> 正在重试...
2022-12-08 20:45:30,719 Works -> 点击添加采集失败 -> 正在重试...
2022-12-08 20:45:32,648 Works -> 点击添加采集失败 -> 正在重试...
2022-12-08 20:45:34,576 Works -> 点击添加采集失败 -> 正在重试...
2022-12-08 20:45:36,474 Works -> 点击添加采集失败 -> 正在重试...
2022-12-08 20:45:38,402 Works -> 点击添加采集失败 -> 正在重试...
2022-12-08 20:45:40,267 Works -> 点击添加采集失败 -> 正在重试...
2022-12-08 20:45:42,164 Works -> 点击添加采集失败 -> 正在重试...
2022-12-08 20:45:44,076 Works -> 点击添加采集失败 -> 正在重试...
2022-12-08 20:45:45,910 Works -> 点击添加采集失败 -> 正在重试...
2022-12-08 20:45:47,813 Works -> 点击添加采集失败 -> 正在重试...
2022-12-08 20:45:49,686 Works -> 点击添加采集失败 -> 正在重试...
2022-12-08 20:45:51,568 Works -> 点击添加采集失败 -> 正在重试...
2022-12-08 20:45:53,459 Works -> 点击添加采集失败 -> 正在重试...
2022-12-08 20:45:55,323 Works -> 点击添加采集失败 -> 正在重试...
2022-12-08 20:45:57,221 Works -> 点击添加采集失败 -> 正在重试...
2022-12-08 20:46:36,387 Works -> 当前作品ID为：6547
2022-12-08 21:09:03,272 Works -> 当前作品ID为：6548
2022-12-08 21:09:49,529 Works -> 当前作品ID为：6549
2022-12-08 21:10:13,465 Works -> 当前作品ID为：6548
2022-12-08 21:10:58,752 Works -> 当前作品ID为：6549
2022-12-08 21:11:43,324 Works -> 当前作品ID为：6550
2022-12-08 21:12:27,760 Works -> 当前作品ID为：6551
2022-12-08 21:13:12,337 Works -> 当前作品ID为：6552
2022-12-08 21:13:56,880 Works -> 当前作品ID为：6553
2022-12-08 21:14:41,328 Works -> 当前作品ID为：6554
2022-12-08 21:15:25,777 Works -> 当前作品ID为：6555
2022-12-08 21:16:10,436 Works -> 当前作品ID为：6556
2022-12-08 21:16:55,018 Works -> 当前作品ID为：6557
2022-12-08 21:17:39,559 Works -> 当前作品ID为：6558
2022-12-08 21:18:24,116 Works -> 当前作品ID为：6559
2022-12-08 21:19:08,670 Works -> 当前作品ID为：6560
2022-12-08 21:19:53,279 Works -> 当前作品ID为：6561
2022-12-08 21:20:37,896 Works -> 当前作品ID为：6562
2022-12-08 21:21:22,501 Works -> 当前作品ID为：6563
2022-12-08 21:22:09,938 Works -> 当前作品ID为：6564
2022-12-08 21:22:54,448 Works -> 当前作品ID为：6565
2022-12-08 21:23:39,189 Works -> 当前作品ID为：6566
2022-12-08 21:24:23,945 Works -> 当前作品ID为：6567
2022-12-08 21:25:08,574 Works -> 当前作品ID为：6568
2022-12-08 21:25:53,310 Works -> 当前作品ID为：6569
2022-12-08 21:26:38,249 Works -> 当前作品ID为：6570
2022-12-08 21:27:22,796 Works -> 当前作品ID为：6571
2022-12-08 21:28:07,560 Works -> 当前作品ID为：6572
2022-12-08 21:28:54,918 Works -> 当前作品ID为：6573
2022-12-08 21:29:39,647 Works -> 当前作品ID为：6574
2022-12-08 21:30:24,382 Works -> 当前作品ID为：6575
2022-12-08 21:31:09,132 Works -> 当前作品ID为：6576
2022-12-08 21:31:53,849 Works -> 当前作品ID为：6577
2022-12-08 21:32:38,839 Works -> 当前作品ID为：6578
2022-12-08 21:33:23,660 Works -> 当前作品ID为：6579
2022-12-08 21:34:08,331 Works -> 当前作品ID为：6580
2022-12-08 21:34:52,942 Works -> 当前作品ID为：6581
2022-12-08 21:35:40,353 Works -> 当前作品ID为：6582
2022-12-08 21:36:25,228 Works -> 当前作品ID为：6583
2022-12-08 21:37:09,875 Works -> 当前作品ID为：6584
2022-12-08 21:37:54,696 Works -> 当前作品ID为：6585
2022-12-08 21:38:39,569 Works -> 当前作品ID为：6586
2022-12-08 21:39:24,173 Works -> 当前作品ID为：6587
2022-12-08 21:40:08,787 Works -> 当前作品ID为：6588
2022-12-08 21:40:53,575 Works -> 当前作品ID为：6589
2022-12-08 21:41:38,300 Works -> 当前作品ID为：6590
2022-12-08 21:42:22,982 Works -> 当前作品ID为：6591
2022-12-08 21:43:07,802 Works -> 当前作品ID为：6592
2022-12-08 21:43:52,595 Works -> 当前作品ID为：6593
2022-12-08 21:44:37,299 Works -> 当前作品ID为：6594
2022-12-08 21:45:22,263 Works -> 当前作品ID为：6595
2022-12-08 21:46:07,036 Works -> 当前作品ID为：6596
2022-12-08 21:46:51,843 Works -> 当前作品ID为：6597
2022-12-08 21:47:36,635 Works -> 当前作品ID为：6598
2022-12-08 21:48:21,462 Works -> 当前作品ID为：6599
2022-12-08 21:49:06,292 Works -> 当前作品ID为：6600
2022-12-08 21:49:51,101 Works -> 当前作品ID为：6601
2022-12-08 21:50:35,886 Works -> 当前作品ID为：6602
2022-12-08 21:51:20,718 Works -> 当前作品ID为：6603
2022-12-08 21:52:05,498 Works -> 当前作品ID为：6604
2022-12-08 21:52:50,194 Works -> 当前作品ID为：6605
2022-12-08 21:53:34,835 Works -> 当前作品ID为：6606
2022-12-08 21:54:19,721 Works -> 当前作品ID为：6607
2022-12-08 21:55:04,468 Works -> 当前作品ID为：6608
2022-12-08 21:55:51,996 Works -> 当前作品ID为：6609
2022-12-08 21:56:36,683 Works -> 当前作品ID为：6610
2022-12-08 21:57:21,467 Works -> 当前作品ID为：6611
2022-12-08 21:58:06,116 Works -> 当前作品ID为：6612
2022-12-08 21:58:50,964 Works -> 当前作品ID为：6613
2022-12-08 21:59:35,747 Works -> 当前作品ID为：6614
2022-12-08 22:00:20,519 Works -> 当前作品ID为：6615
2022-12-08 22:01:05,463 Works -> 当前作品ID为：6616
2022-12-08 22:01:50,162 Works -> 当前作品ID为：6617
2022-12-08 22:02:37,419 Works -> 当前作品ID为：6618
2022-12-08 22:03:22,046 Works -> 当前作品ID为：6619
2022-12-08 22:04:06,752 Works -> 当前作品ID为：6620
2022-12-08 22:04:51,528 Works -> 当前作品ID为：6621
2022-12-08 22:05:36,121 Works -> 当前作品ID为：6622
2022-12-08 22:06:20,811 Works -> 当前作品ID为：6623
2022-12-08 22:07:05,440 Works -> 当前作品ID为：6624
2022-12-08 22:07:50,207 Works -> 当前作品ID为：6625
2022-12-08 22:08:34,777 Works -> 当前作品ID为：6626
2022-12-08 22:09:22,241 Works -> 当前作品ID为：6627
2022-12-08 22:10:07,094 Works -> 当前作品ID为：6628
2022-12-08 22:10:51,878 Works -> 当前作品ID为：6629
2022-12-08 22:11:36,577 Works -> 当前作品ID为：6630
2022-12-08 22:12:21,279 Works -> 当前作品ID为：6631
2022-12-08 22:13:06,120 Works -> 当前作品ID为：6632
2022-12-08 22:13:50,972 Works -> 当前作品ID为：6633
2022-12-08 22:14:35,621 Works -> 当前作品ID为：6634
2022-12-08 22:15:20,289 Works -> 当前作品ID为：6635
2022-12-08 22:16:04,941 Works -> 当前作品ID为：6636
2022-12-08 22:16:49,552 Works -> 当前作品ID为：6637
2022-12-08 22:17:34,182 Works -> 当前作品ID为：6638
2022-12-08 22:18:18,825 Works -> 当前作品ID为：6639
2022-12-08 22:19:03,468 Works -> 当前作品ID为：6640
2022-12-08 22:19:48,275 Works -> 当前作品ID为：6641
2022-12-08 22:20:33,033 Works -> 当前作品ID为：6642
2022-12-08 22:21:17,716 Works -> 当前作品ID为：6643
2022-12-08 22:22:02,337 Works -> 当前作品ID为：6644
2022-12-08 22:22:47,504 Works -> 当前作品ID为：6645
2022-12-08 22:23:32,422 Works -> 当前作品ID为：6646
2022-12-08 22:24:17,443 Works -> 当前作品ID为：6647
2022-12-09 17:34:13,274 Works -> 当前作品ID为：6648
2022-12-09 17:34:59,050 Works -> 当前作品ID为：6649
2022-12-09 17:35:44,399 Works -> 当前作品ID为：6650
2022-12-09 17:36:29,438 Works -> 当前作品ID为：6651
2022-12-09 17:37:14,511 Works -> 当前作品ID为：6652
2022-12-09 17:37:59,569 Works -> 当前作品ID为：6659
2022-12-09 17:38:44,235 Works -> 当前作品ID为：6660
2022-12-09 17:39:28,671 Works -> 当前作品ID为：6661
2022-12-09 17:40:13,439 Works -> 当前作品ID为：6662
2022-12-09 17:40:58,224 Works -> 当前作品ID为：6663
2022-12-09 17:41:42,831 Works -> 当前作品ID为：6664
2022-12-09 17:42:27,562 Works -> 当前作品ID为：6665
2022-12-09 17:43:12,268 Works -> 当前作品ID为：6666
2022-12-09 17:43:57,021 Works -> 当前作品ID为：6667
2022-12-09 17:44:42,008 Works -> 当前作品ID为：6668
2022-12-09 17:45:29,593 Works -> 当前作品ID为：6669
2022-12-09 17:45:49,122 Works -> 角色原画
2022-12-09 17:45:49,123 Works -> 花瓣上传图片有问题 或 选择画板有问题：请手动选择画板
2022-12-09 18:45:31,746 Works -> 当前作品ID为：6670
2022-12-09 18:46:16,468 Works -> 当前作品ID为：6671
2022-12-09 18:47:01,358 Works -> 当前作品ID为：6672
2022-12-09 18:47:46,104 Works -> 当前作品ID为：6673
2022-12-09 18:48:30,775 Works -> 当前作品ID为：6674
2022-12-09 18:49:15,441 Works -> 当前作品ID为：6675
2022-12-09 18:50:00,161 Works -> 当前作品ID为：6676
2022-12-09 18:50:44,863 Works -> 当前作品ID为：6677
2022-12-09 18:51:32,229 Works -> 当前作品ID为：6678
2022-12-09 18:52:16,676 Works -> 当前作品ID为：6679
2022-12-09 18:53:01,189 Works -> 当前作品ID为：6680
2022-12-09 18:53:45,694 Works -> 当前作品ID为：6681
2022-12-09 18:54:30,403 Works -> 当前作品ID为：6682
2022-12-09 18:55:14,975 Works -> 当前作品ID为：6683
2022-12-09 18:55:59,533 Works -> 当前作品ID为：6684
2022-12-09 18:56:44,020 Works -> 当前作品ID为：6685
2022-12-09 18:57:28,677 Works -> 当前作品ID为：6686
2022-12-09 18:58:13,430 Works -> 当前作品ID为：6687
2022-12-09 18:58:58,252 Works -> 当前作品ID为：6688
2022-12-09 18:59:42,973 Works -> 当前作品ID为：6690
2022-12-09 19:00:27,729 Works -> 当前作品ID为：6691
2022-12-09 19:01:12,516 Works -> 当前作品ID为：6692
2022-12-09 19:01:57,304 Works -> 当前作品ID为：6693
2022-12-09 19:02:41,946 Works -> 当前作品ID为：6694
2022-12-09 19:03:26,674 Works -> 当前作品ID为：6695
2022-12-09 19:04:14,221 Works -> 当前作品ID为：6696
2022-12-09 19:04:59,133 Works -> 当前作品ID为：6697
2022-12-09 19:05:43,993 Works -> 当前作品ID为：6698
2022-12-09 19:06:28,830 Works -> 当前作品ID为：6699
2022-12-09 19:07:13,676 Works -> 当前作品ID为：6700
2022-12-09 19:07:58,382 Works -> 当前作品ID为：6701
2022-12-09 19:08:43,130 Works -> 当前作品ID为：6702
2022-12-09 19:09:27,961 Works -> 当前作品ID为：6703
2022-12-09 19:10:12,784 Works -> 当前作品ID为：6704
2022-12-09 19:10:59,778 Works -> 当前作品ID为：6705
2022-12-09 19:11:44,350 Works -> 当前作品ID为：6706
2022-12-09 19:12:28,934 Works -> 当前作品ID为：6707
2022-12-09 19:13:13,464 Works -> 当前作品ID为：6708
2022-12-09 19:13:57,880 Works -> 当前作品ID为：6709
2022-12-09 19:14:42,714 Works -> 当前作品ID为：6710
2022-12-09 19:15:27,268 Works -> 当前作品ID为：6711
2022-12-09 19:16:11,719 Works -> 当前作品ID为：6712
2022-12-09 19:16:56,128 Works -> 当前作品ID为：6713
2022-12-09 19:17:41,040 Works -> 当前作品ID为：6714
2022-12-09 19:18:25,802 Works -> 当前作品ID为：6715
2022-12-09 19:19:10,658 Works -> 当前作品ID为：6716
2022-12-09 19:19:55,618 Works -> 当前作品ID为：6717
2022-12-09 19:20:40,383 Works -> 当前作品ID为：6718
2022-12-09 19:21:25,152 Works -> 当前作品ID为：6719
2022-12-09 19:22:10,160 Works -> 当前作品ID为：6720
2022-12-09 19:22:54,955 Works -> 当前作品ID为：6721
2022-12-09 19:23:39,780 Works -> 当前作品ID为：6722
2022-12-09 19:24:26,938 Works -> 当前作品ID为：6723
2022-12-09 19:25:11,573 Works -> 当前作品ID为：6724
2022-12-09 19:25:56,154 Works -> 当前作品ID为：6725
2022-12-09 19:26:40,702 Works -> 当前作品ID为：6726
2022-12-09 19:27:25,394 Works -> 当前作品ID为：6727
2022-12-09 19:28:09,949 Works -> 当前作品ID为：6728
2022-12-09 19:28:54,623 Works -> 当前作品ID为：6729
2022-12-09 19:29:39,074 Works -> 当前作品ID为：6730
2022-12-09 19:30:23,718 Works -> 当前作品ID为：6731
2022-12-09 19:31:08,350 Works -> 当前作品ID为：6732
2022-12-09 19:31:52,953 Works -> 当前作品ID为：6733
2022-12-09 19:32:37,822 Works -> 当前作品ID为：6734
2022-12-09 19:33:22,703 Works -> 当前作品ID为：6735
2022-12-09 19:34:07,364 Works -> 当前作品ID为：6736
2022-12-09 19:34:52,263 Works -> 当前作品ID为：6737
2022-12-09 19:35:37,009 Works -> 当前作品ID为：6738
2022-12-09 19:36:21,735 Works -> 当前作品ID为：6739
2022-12-09 19:37:06,406 Works -> 当前作品ID为：6740
2022-12-09 19:37:53,852 Works -> 当前作品ID为：6741
2022-12-09 19:38:38,791 Works -> 当前作品ID为：6742
2022-12-09 19:39:23,538 Works -> 当前作品ID为：6743
2022-12-09 19:40:08,366 Works -> 当前作品ID为：6744
2022-12-09 19:40:53,075 Works -> 当前作品ID为：6745
2022-12-09 19:41:37,852 Works -> 当前作品ID为：6747
2022-12-09 19:42:22,724 Works -> 当前作品ID为：6748
2022-12-09 19:43:07,416 Works -> 当前作品ID为：6749
2022-12-09 19:43:54,854 Works -> 当前作品ID为：6750
2022-12-09 19:44:14,259 Works -> CG美术基础
2022-12-09 19:44:14,259 Works -> 花瓣上传图片有问题 或 选择画板有问题：请手动选择画板
2022-12-09 19:53:18,347 Works -> 当前作品ID为：6751
2022-12-09 19:54:03,196 Works -> 当前作品ID为：6752
2022-12-09 19:54:47,809 Works -> 当前作品ID为：6753
2022-12-10 21:21:33,966 Works -> 当前作品ID为：6754
2022-12-10 21:22:19,769 Works -> 当前作品ID为：6755
2022-12-10 21:23:04,531 Works -> 当前作品ID为：6756
2022-12-10 21:23:49,395 Works -> 当前作品ID为：6757
2022-12-10 21:24:34,156 Works -> 当前作品ID为：6758
2022-12-10 21:25:21,448 Works -> 当前作品ID为：6759
2022-12-10 21:26:06,226 Works -> 当前作品ID为：6760
2022-12-10 21:26:50,839 Works -> 当前作品ID为：6761
2022-12-10 21:27:35,569 Works -> 当前作品ID为：6762
2022-12-10 21:28:20,184 Works -> 当前作品ID为：6763
2022-12-10 21:29:04,936 Works -> 当前作品ID为：6764
2022-12-10 21:29:49,430 Works -> 当前作品ID为：6765
2022-12-10 21:30:34,206 Works -> 当前作品ID为：6766
2022-12-10 21:31:18,967 Works -> 当前作品ID为：6767
2022-12-10 21:32:06,494 Works -> 当前作品ID为：6768
2022-12-10 21:32:51,328 Works -> 当前作品ID为：6769
2022-12-10 21:33:36,295 Works -> 当前作品ID为：6770
2022-12-10 21:34:21,163 Works -> 当前作品ID为：6771
2022-12-10 21:35:06,094 Works -> 当前作品ID为：6772
2022-12-10 21:35:50,916 Works -> 当前作品ID为：6773
2022-12-10 21:36:35,795 Works -> 当前作品ID为：6774
2022-12-10 21:37:20,688 Works -> 当前作品ID为：6775
2022-12-10 21:38:05,712 Works -> 当前作品ID为：6776
2022-12-10 21:38:50,558 Works -> 当前作品ID为：6777
2022-12-10 21:39:35,369 Works -> 当前作品ID为：6778
2022-12-10 21:39:54,793 Works -> CG美术基础
2022-12-10 21:39:54,794 Works -> 花瓣上传图片有问题 或 选择画板有问题：请手动选择画板
2022-12-10 21:40:37,880 Works -> 当前作品ID为：6779
2022-12-10 21:41:22,739 Works -> 当前作品ID为：6780
2022-12-10 21:42:07,857 Works -> 当前作品ID为：6781
2022-12-10 21:42:52,670 Works -> 当前作品ID为：6782
2022-12-10 21:43:37,649 Works -> 当前作品ID为：6783
2022-12-10 21:44:22,647 Works -> 当前作品ID为：6784
2022-12-10 21:45:07,528 Works -> 当前作品ID为：6785
2022-12-10 21:45:52,168 Works -> 当前作品ID为：6786
2022-12-10 21:46:36,960 Works -> 当前作品ID为：6787
2022-12-10 21:47:21,670 Works -> 当前作品ID为：6788
2022-12-10 21:47:41,120 Works -> CG美术基础
2022-12-10 21:47:41,121 Works -> 花瓣上传图片有问题 或 选择画板有问题：请手动选择画板
2022-12-10 21:48:28,943 Works -> 当前作品ID为：6789
2022-12-10 21:49:13,724 Works -> 当前作品ID为：6790
2022-12-10 21:49:58,458 Works -> 当前作品ID为：6791
2022-12-10 21:50:43,092 Works -> 当前作品ID为：6792
2022-12-10 21:51:27,698 Works -> 当前作品ID为：6793
2022-12-10 21:52:12,428 Works -> 当前作品ID为：6794
2022-12-10 21:53:00,588 Works -> 当前作品ID为：6795
2022-12-10 21:53:46,092 Works -> 当前作品ID为：6796
2022-12-10 21:54:05,615 Works -> 添加描述失败 -> 手动添加
2022-12-10 22:01:41,950 Works -> 点击上传有问题 -> 手动点击上传
2022-12-10 22:02:37,362 Works -> 当前作品ID为：6797
2022-12-10 22:02:38,789 Works -> 点击添加采集失败 -> 正在重试...
2022-12-10 22:02:39,613 Works -> 点击添加采集失败 -> 正在重试...
2022-12-10 22:02:40,432 Works -> 点击添加采集失败 -> 正在重试...
2022-12-10 22:02:41,237 Works -> 点击添加采集失败 -> 正在重试...
2022-12-10 22:02:42,069 Works -> 点击添加采集失败 -> 正在重试...
2022-12-10 22:02:42,871 Works -> 点击添加采集失败 -> 正在重试...
2022-12-10 22:02:43,679 Works -> 点击添加采集失败 -> 正在重试...
2022-12-10 22:02:44,475 Works -> 点击添加采集失败 -> 正在重试...
2022-12-10 22:02:45,285 Works -> 点击添加采集失败 -> 正在重试...
2022-12-10 22:02:46,090 Works -> 点击添加采集失败 -> 正在重试...
2022-12-10 22:02:46,933 Works -> 点击添加采集失败 -> 正在重试...
2022-12-10 22:02:47,771 Works -> 点击添加采集失败 -> 正在重试...
2022-12-10 22:03:32,662 Works -> 当前作品ID为：6798
2022-12-10 22:04:18,344 Works -> 当前作品ID为：6799
2022-12-10 22:05:03,830 Works -> 当前作品ID为：6800
2022-12-10 22:05:49,197 Works -> 当前作品ID为：6801
2022-12-10 22:06:34,518 Works -> 当前作品ID为：6802
2022-12-10 22:07:19,919 Works -> 当前作品ID为：6803
2022-12-10 22:08:05,356 Works -> 当前作品ID为：6804
2022-12-10 22:08:24,778 Works -> CG漫画
2022-12-10 22:08:24,778 Works -> 花瓣上传图片有问题 或 选择画板有问题：请手动选择画板
2022-12-10 22:11:24,705 Works -> 上传失败！！！手动点击上传！！！
2022-12-10 22:12:02,218 Works -> 当前作品ID为：6805
2022-12-10 22:12:03,567 Works -> 点击添加采集失败 -> 正在重试...
2022-12-10 22:12:50,522 Works -> 当前作品ID为：6806
2022-12-10 22:13:35,478 Works -> 当前作品ID为：6807
2022-12-10 22:14:20,370 Works -> 当前作品ID为：6808
2022-12-10 22:15:05,273 Works -> 当前作品ID为：6809
2022-12-10 22:15:50,119 Works -> 当前作品ID为：6810
2022-12-10 22:16:35,130 Works -> 当前作品ID为：6811
2022-12-10 22:17:20,035 Works -> 当前作品ID为：6812
2022-12-10 22:18:05,095 Works -> 当前作品ID为：6813
2022-12-10 22:18:50,255 Works -> 当前作品ID为：6814
2022-12-10 22:19:09,706 Works -> CG漫画
2022-12-10 22:19:09,706 Works -> 花瓣上传图片有问题 或 选择画板有问题：请手动选择画板
2022-12-10 22:19:34,953 Works -> 上传失败！！！手动点击上传！！！
2022-12-10 22:20:29,759 Works -> 当前作品ID为：6815
2022-12-10 22:20:32,234 Works -> 点击添加采集失败 -> 正在重试...
2022-12-10 22:21:16,736 Works -> 当前作品ID为：6816
2022-12-10 22:22:01,510 Works -> 当前作品ID为：6817
2022-12-10 22:22:21,006 Works -> CG漫画
2022-12-10 22:22:21,006 Works -> 花瓣上传图片有问题 或 选择画板有问题：请手动选择画板
2022-12-10 22:23:17,356 Works -> 上传失败！！！手动点击上传！！！
2022-12-10 22:23:26,389 Works -> 当前作品ID为：6818
2022-12-10 22:24:11,100 Works -> 当前作品ID为：6819
2022-12-10 22:24:55,942 Works -> 当前作品ID为：6820
2022-12-10 22:25:40,913 Works -> 当前作品ID为：6821
2022-12-10 22:26:25,572 Works -> 当前作品ID为：6822
2022-12-10 22:27:10,517 Works -> 当前作品ID为：6823
2022-12-10 22:27:55,484 Works -> 当前作品ID为：6824
2022-12-10 22:28:40,275 Works -> 当前作品ID为：6825
2022-12-10 22:29:25,196 Works -> 当前作品ID为：6826
2022-12-10 22:29:44,645 Works -> CG漫画
2022-12-10 22:29:44,645 Works -> 花瓣上传图片有问题 或 选择画板有问题：请手动选择画板
2022-12-10 22:36:15,830 Works -> 当前作品ID为：6827
2022-12-10 22:37:00,724 Works -> 当前作品ID为：6828
2022-12-10 22:37:45,660 Works -> 当前作品ID为：6829
2022-12-10 22:38:30,622 Works -> 当前作品ID为：6830
2022-12-10 22:39:15,426 Works -> 当前作品ID为：6831
2022-12-10 22:39:36,115 Works -> 其他三维
2022-12-10 22:39:36,116 Works -> 花瓣上传图片有问题 或 选择画板有问题：请手动选择画板
2022-12-10 22:40:59,444 Works -> 当前作品ID为：6832
2022-12-10 22:41:19,038 Works -> 其他三维
2022-12-10 22:41:19,038 Works -> 花瓣上传图片有问题 或 选择画板有问题：请手动选择画板
2022-12-10 22:42:11,931 Works -> 当前作品ID为：6833
2022-12-10 22:42:32,581 Works -> 其他三维
2022-12-10 22:42:32,581 Works -> 花瓣上传图片有问题 或 选择画板有问题：请手动选择画板
2022-12-10 22:45:17,340 Works -> 当前作品ID为：6834
2022-12-10 22:45:37,984 Works -> 其他三维
2022-12-10 22:45:37,984 Works -> 花瓣上传图片有问题 或 选择画板有问题：请手动选择画板
2022-12-10 22:46:48,920 Works -> 当前作品ID为：6835
2022-12-10 22:47:09,623 Works -> 其他三维
2022-12-10 22:47:09,624 Works -> 花瓣上传图片有问题 或 选择画板有问题：请手动选择画板
2022-12-10 22:47:43,300 Works -> 当前作品ID为：6836
2022-12-10 22:48:02,782 Works -> 其他三维
2022-12-10 22:48:02,782 Works -> 花瓣上传图片有问题 或 选择画板有问题：请手动选择画板
2022-12-10 22:48:35,484 Works -> 当前作品ID为：6837
2022-12-10 22:48:56,099 Works -> 其他三维
2022-12-10 22:48:56,099 Works -> 花瓣上传图片有问题 或 选择画板有问题：请手动选择画板
2022-12-10 22:49:44,005 Works -> 当前作品ID为：6838
2022-12-10 22:50:04,555 Works -> 其他三维
2022-12-10 22:50:04,556 Works -> 花瓣上传图片有问题 或 选择画板有问题：请手动选择画板
2022-12-10 22:50:50,966 Works -> 当前作品ID为：6839
2022-12-10 22:51:11,718 Works -> 其他三维
2022-12-10 22:51:11,718 Works -> 花瓣上传图片有问题 或 选择画板有问题：请手动选择画板
2022-12-10 22:52:19,837 Works -> 当前作品ID为：6840
2022-12-10 22:53:07,323 Works -> 当前作品ID为：6841
2022-12-10 22:53:52,227 Works -> 当前作品ID为：6842
2022-12-10 22:54:37,078 Works -> 当前作品ID为：6843
2022-12-10 22:55:22,086 Works -> 当前作品ID为：6844
2022-12-10 22:56:06,955 Works -> 当前作品ID为：6845
2022-12-10 22:56:51,806 Works -> 当前作品ID为：6846
2022-12-10 22:57:36,746 Works -> 当前作品ID为：6847
2022-12-10 22:58:21,546 Works -> 当前作品ID为：6848
2022-12-10 22:59:06,393 Works -> 当前作品ID为：6849
2022-12-10 22:59:25,845 Works -> CG美术基础
2022-12-10 22:59:25,845 Works -> 花瓣上传图片有问题 或 选择画板有问题：请手动选择画板
2022-12-10 23:00:07,600 Works -> 当前作品ID为：6850
2022-12-10 23:00:55,010 Works -> 当前作品ID为：6851
2022-12-10 23:01:39,571 Works -> 当前作品ID为：6852
2022-12-10 23:02:24,418 Works -> 当前作品ID为：6853
2022-12-12 19:43:36,103 Works -> 当前作品ID为：6854
2022-12-12 19:44:21,617 Works -> 当前作品ID为：6855
2022-12-12 19:45:06,153 Works -> 当前作品ID为：6856
2022-12-12 19:45:50,671 Works -> 当前作品ID为：6857
2022-12-12 19:46:35,281 Works -> 当前作品ID为：6858
2022-12-12 19:47:20,009 Works -> 当前作品ID为：6859
2022-12-12 19:48:04,580 Works -> 当前作品ID为：6860
2022-12-12 19:48:49,217 Works -> 当前作品ID为：6861
2022-12-12 19:49:34,093 Works -> 当前作品ID为：6862
2022-12-12 19:50:18,724 Works -> 当前作品ID为：6863
2022-12-12 19:51:03,343 Works -> 当前作品ID为：6864
2022-12-12 19:51:48,029 Works -> 当前作品ID为：6865
2022-12-12 19:52:32,628 Works -> 当前作品ID为：6866
2022-12-12 19:53:17,160 Works -> 当前作品ID为：6867
2022-12-12 19:54:04,642 Works -> 当前作品ID为：6868
2022-12-12 19:54:49,499 Works -> 当前作品ID为：6869
2022-12-12 19:55:34,426 Works -> 当前作品ID为：6870
2022-12-12 19:56:19,206 Works -> 当前作品ID为：6871
2022-12-12 19:57:03,872 Works -> 当前作品ID为：6872
2022-12-12 19:57:48,713 Works -> 当前作品ID为：6873
2022-12-12 19:58:33,585 Works -> 当前作品ID为：6874
2022-12-12 19:59:18,415 Works -> 当前作品ID为：6875
2022-12-12 20:00:03,299 Works -> 当前作品ID为：6876
2022-12-12 20:00:50,742 Works -> 当前作品ID为：6877
2022-12-12 20:01:35,964 Works -> 当前作品ID为：6878
2022-12-12 20:02:20,853 Works -> 当前作品ID为：6879
2022-12-12 20:03:05,649 Works -> 当前作品ID为：6880
2022-12-12 20:03:50,591 Works -> 当前作品ID为：6881
2022-12-12 20:04:35,657 Works -> 当前作品ID为：6882
2022-12-12 20:05:20,539 Works -> 当前作品ID为：6883
2022-12-12 20:06:05,448 Works -> 当前作品ID为：6884
2022-12-12 20:06:50,382 Works -> 当前作品ID为：6885
2022-12-12 20:07:37,896 Works -> 当前作品ID为：6886
2022-12-12 20:08:22,778 Works -> 当前作品ID为：6887
2022-12-12 20:09:07,607 Works -> 当前作品ID为：6888
2022-12-12 20:09:52,331 Works -> 当前作品ID为：6889
2022-12-12 20:10:37,022 Works -> 当前作品ID为：6890
2022-12-12 20:11:22,013 Works -> 当前作品ID为：6891
2022-12-12 20:12:06,730 Works -> 当前作品ID为：6892
2022-12-12 20:12:51,631 Works -> 当前作品ID为：6893
2022-12-12 20:13:36,470 Works -> 当前作品ID为：6894
2022-12-12 20:14:20,926 Works -> 当前作品ID为：6895
2022-12-12 20:15:05,222 Works -> 当前作品ID为：6896
2022-12-12 20:15:49,664 Works -> 当前作品ID为：6897
2022-12-12 20:16:34,251 Works -> 当前作品ID为：6898
2022-12-12 20:17:18,683 Works -> 当前作品ID为：6899
2022-12-12 20:18:03,110 Works -> 当前作品ID为：6900
2022-12-12 20:18:47,676 Works -> 当前作品ID为：6901
2022-12-12 20:19:32,073 Works -> 当前作品ID为：6902
2022-12-12 20:20:16,538 Works -> 当前作品ID为：6903
2022-12-12 20:21:01,046 Works -> 当前作品ID为：6904
2022-12-12 20:21:45,612 Works -> 当前作品ID为：6905
2022-12-12 20:22:29,982 Works -> 当前作品ID为：6906
2022-12-12 20:23:14,384 Works -> 当前作品ID为：6907
2022-12-12 20:23:58,919 Works -> 当前作品ID为：6908
2022-12-12 20:24:43,556 Works -> 当前作品ID为：6909
2022-12-12 20:25:27,923 Works -> 当前作品ID为：6910
2022-12-12 20:26:12,280 Works -> 当前作品ID为：6911
2022-12-12 20:26:56,828 Works -> 当前作品ID为：6912
2022-12-12 20:27:44,091 Works -> 当前作品ID为：6913
2022-12-12 20:28:28,841 Works -> 当前作品ID为：6914
2022-12-12 20:29:13,399 Works -> 当前作品ID为：6915
2022-12-12 20:29:58,252 Works -> 当前作品ID为：6916
2022-12-12 20:30:42,847 Works -> 当前作品ID为：6917
2022-12-12 20:31:27,436 Works -> 当前作品ID为：6918
2022-12-12 20:32:12,040 Works -> 当前作品ID为：6919
2022-12-12 20:32:56,790 Works -> 当前作品ID为：6920
2022-12-12 20:33:41,241 Works -> 当前作品ID为：6922
2022-12-12 20:34:25,745 Works -> 当前作品ID为：6923
2022-12-12 20:35:10,121 Works -> 当前作品ID为：6924
2022-12-12 20:35:54,583 Works -> 当前作品ID为：6925
2022-12-12 20:36:39,072 Works -> 当前作品ID为：6927
2022-12-12 20:37:23,530 Works -> 当前作品ID为：6928
2022-12-12 20:38:07,854 Works -> 当前作品ID为：6929
2022-12-12 20:38:52,381 Works -> 当前作品ID为：6930
2022-12-12 20:39:12,927 Works -> 游戏UI
2022-12-12 20:39:12,927 Works -> 花瓣上传图片有问题 或 选择画板有问题：请手动选择画板
2022-12-12 20:44:59,943 Works -> 当前作品ID为：6931
2022-12-12 20:45:44,744 Works -> 当前作品ID为：6932
2022-12-12 20:46:29,364 Works -> 当前作品ID为：6933
2022-12-12 20:47:13,863 Works -> 当前作品ID为：6934
2022-12-12 20:47:58,507 Works -> 当前作品ID为：6935
2022-12-12 20:48:43,218 Works -> 当前作品ID为：6936
2022-12-12 20:49:27,777 Works -> 当前作品ID为：6937
2022-12-12 20:50:12,271 Works -> 当前作品ID为：6938
