2022-11-14 15:08:24,198 Works -> 当前作品ID为：6711
2022-11-14 19:34:16,703 Works -> 当前作品ID为：6711
2022-11-14 19:50:18,490 Works -> 当前作品ID为：6711
2022-11-15 11:11:02,335 Works -> 当前作品ID为：6711
2022-11-15 11:16:06,767 Works -> 当前作品ID为：6711
2022-11-23 14:58:13,340 Works -> 当前作品ID为：6711
2022-11-23 20:37:06,860 Works -> 当前作品ID为：6711
2022-11-23 20:44:12,129 Works -> 当前作品ID为：6711
2022-11-23 21:01:39,315 Works -> 当前作品ID为：6711
2022-11-23 21:10:04,559 Works -> 当前作品ID为：6711
2022-11-23 21:26:55,889 Works -> 当前作品ID为：6711
2022-11-24 02:48:56,254 Works -> 当前作品ID为：6711
2022-11-24 02:50:05,997 Works -> 当前作品ID为：6711
2022-11-24 03:01:37,219 Works -> 当前作品ID为：6711
2022-11-24 14:30:51,332 Works -> 当前作品ID为：6321
2022-11-24 14:31:34,808 Works -> 当前作品ID为：6321
2022-11-24 19:11:16,062 Works -> 当前作品ID为：6321
2022-11-24 19:12:38,995 Works -> 当前作品ID为：6321
2022-11-24 19:14:31,168 Works -> 当前作品ID为：6321
2022-11-24 19:18:15,388 Works -> 当前作品ID为：6321
2022-11-24 19:19:11,476 Works -> 点击 商业插画 分类失败 -> 手动点击
2022-11-24 19:20:06,499 Works -> 继续...
2022-11-24 19:20:21,081 Works -> 点击发布失败 -> 手动点击发布
2022-11-24 19:20:46,352 Works -> 继续...
2022-11-24 19:21:07,505 Works -> 未能发现 "返回作品列表" 按钮 -> 即将重试...
2022-11-24 19:21:09,538 Works -> 重试失败，请检查问题 -> 确定后将直接返回作品列表
2022-11-24 19:21:40,012 Works -> 继续...
2022-11-24 19:21:46,287 Works -> 当前作品ID为：6322
2022-11-24 19:22:55,221 Works -> 点击发布失败 -> 手动点击发布
2022-11-24 19:23:05,664 Works -> 继续...
2022-11-24 19:23:26,843 Works -> 未能发现 "返回作品列表" 按钮 -> 即将重试...
2022-11-24 19:23:28,873 Works -> 重试失败，请检查问题 -> 确定后将直接返回作品列表
2022-11-25 23:25:53,713 Works -> 当前作品ID为：6323
2022-11-25 23:27:12,329 Works -> 点击发布失败 -> 手动点击发布
2022-11-25 23:29:20,476 Works -> 继续...
2022-11-25 23:29:41,627 Works -> 未能发现 "返回作品列表" 按钮 -> 即将重试...
2022-11-25 23:29:43,650 Works -> 重试失败，请检查问题 -> 确定后将直接返回作品列表
2022-11-25 23:30:53,984 Works -> 继续...
2022-11-25 23:31:00,417 Works -> 当前作品ID为：6324
2022-11-25 23:32:09,487 Works -> 点击发布失败 -> 手动点击发布
2022-11-25 23:32:36,278 Works -> 继续...
2022-11-25 23:32:57,427 Works -> 未能发现 "返回作品列表" 按钮 -> 即将重试...
2022-11-25 23:32:59,462 Works -> 重试失败，请检查问题 -> 确定后将直接返回作品列表
2022-11-25 23:35:02,015 Works -> 继续...
2022-11-26 00:14:39,062 Get_Works_Url -> 开始获取...
2022-11-26 00:35:15,956 Works -> 当前作品ID为：6325
2022-11-26 00:42:15,068 Works -> 当前作品ID为：6325
2022-11-26 00:54:18,928 Works -> 当前作品ID为：6325
2022-11-26 01:04:25,702 Works -> 当前作品ID为：6325
2022-11-26 01:05:31,996 Works -> 点击发布失败 -> 手动点击发布
2022-11-26 01:10:40,108 Works -> 当前作品ID为：6325
2022-11-26 01:15:17,278 Works -> 当前作品ID为：6325
2022-11-26 01:16:42,175 Works -> 未能发现 "返回作品列表" 按钮 -> 即将重试...
2022-11-26 01:16:55,365 Works -> 重试失败，请检查问题 -> 确定后将直接返回作品列表
2022-11-26 01:26:52,442 Works -> 当前作品ID为：6326
2022-11-26 17:35:00,468 Works -> 当前作品ID为：6326
2022-11-26 17:37:07,094 Works -> 当前作品ID为：6321
2022-11-26 17:38:46,877 Works -> 未能发现 "返回作品列表" 按钮 -> 即将重试...
2022-11-26 17:38:59,948 Works -> 重试失败，请检查问题 -> 确定后将直接返回作品列表
2022-11-26 17:43:39,183 Works -> 当前作品ID为：6321
2022-11-26 17:44:53,468 Works -> 当前作品ID为：6322
2022-11-26 17:46:07,074 Works -> 当前作品ID为：6323
2022-11-26 17:47:23,636 Works -> 当前作品ID为：6324
2022-11-26 17:48:37,001 Works -> 当前作品ID为：6325
2022-11-26 17:49:50,878 Works -> 当前作品ID为：6326
2022-11-26 17:51:04,833 Works -> 当前作品ID为：6327
2022-11-26 17:52:19,120 Works -> 当前作品ID为：6328
2022-11-26 17:53:33,179 Works -> 当前作品ID为：6329
2022-11-26 17:54:47,215 Works -> 当前作品ID为：6330
2022-11-26 17:56:07,612 Works -> 当前作品ID为：6331
2022-11-26 17:57:25,445 Works -> 当前作品ID为：6332
2022-11-26 17:58:40,182 Works -> 当前作品ID为：6333
2022-11-26 17:59:57,890 Works -> 当前作品ID为：6334
2022-11-26 18:01:18,571 Works -> 当前作品ID为：6335
2022-11-26 18:02:36,193 Works -> 当前作品ID为：6336
2022-11-26 18:03:53,938 Works -> 当前作品ID为：6337
2022-11-26 18:05:12,300 Works -> 当前作品ID为：6338
2022-11-26 18:06:30,835 Works -> 当前作品ID为：6339
2022-11-26 18:07:48,065 Works -> 当前作品ID为：6340
2022-11-26 18:09:06,605 Works -> 当前作品ID为：6341
2022-11-26 18:10:24,028 Works -> 当前作品ID为：6342
2022-11-26 18:11:42,063 Works -> 当前作品ID为：6343
2022-11-26 18:12:59,764 Works -> 当前作品ID为：6344
2022-11-26 18:14:17,970 Works -> 当前作品ID为：6345
2022-11-26 18:58:09,826 Get_Works_Url -> 开始获取...
2022-11-26 18:59:13,780 Works -> 当前作品ID为：6346
2022-11-26 19:00:32,345 Works -> 当前作品ID为：6347
2022-11-26 19:01:50,494 Works -> 当前作品ID为：6348
2022-11-26 19:03:11,692 Works -> 当前作品ID为：6349
2022-11-26 19:04:32,654 Works -> 当前作品ID为：6350
2022-11-26 19:05:51,254 Works -> 当前作品ID为：6351
2022-11-26 19:07:11,487 Works -> 当前作品ID为：6352
2022-11-26 19:08:32,225 Works -> 当前作品ID为：6353
2022-11-26 19:09:53,446 Works -> 当前作品ID为：6354
2022-11-26 19:11:14,489 Works -> 当前作品ID为：6355
2022-11-26 19:12:35,664 Works -> 当前作品ID为：6356
2022-11-26 19:13:56,105 Works -> 当前作品ID为：6357
2022-11-26 19:15:19,305 Works -> 当前作品ID为：6358
2022-11-26 19:16:17,935 Works -> 点击更多设置失败 -> 手动打开更多设置
2022-11-26 19:17:58,350 Works -> 继续...
2022-11-26 19:18:32,332 Works -> 未能发现 "返回作品列表" 按钮 -> 即将重试...
2022-11-26 19:19:17,666 Works -> 当前作品ID为：6359
2022-11-26 19:20:13,067 Works -> 点击更多设置失败 -> 手动打开更多设置
2022-11-27 00:06:10,589 <module> -> 请求失败：请求超时！！！
2022-11-28 01:02:45,292 Works -> 当前作品ID为：6358
2022-11-28 01:06:10,411 Works -> 当前作品ID为：6358
2022-11-28 01:26:58,271 Works -> 当前作品ID为：6358
2022-11-28 01:27:32,185 Works -> 当前作品ID为：6358
2022-11-28 01:31:54,235 Works -> 当前作品ID为：6358
2022-11-28 01:32:48,130 Works -> 当前作品ID为：6358
2022-11-28 14:39:55,774 Huaban -> 正在发布该分类：CG美术基础
2022-11-28 14:44:00,719 Works -> 点击添加采集失败 -> 正在重试...
2022-11-28 14:44:21,585 Works -> 点击添加采集失败 -> 正在重试...
2022-11-28 14:44:27,829 Works -> 点击添加采集失败 -> 正在重试...
2022-11-28 14:44:36,570 Works -> 点击添加采集失败 -> 正在重试...
2022-11-28 14:44:37,362 Works -> 点击添加采集失败 -> 正在重试...
2022-11-28 14:44:38,169 Works -> 点击添加采集失败 -> 正在重试...
2022-11-28 14:44:39,014 Works -> 点击添加采集失败 -> 正在重试...
2022-11-28 14:44:39,824 Works -> 点击添加采集失败 -> 正在重试...
2022-11-28 14:44:40,626 Works -> 点击添加采集失败 -> 正在重试...
2022-11-28 14:44:41,439 Works -> 点击添加采集失败 -> 正在重试...
2022-11-28 14:44:42,281 Works -> 点击添加采集失败 -> 正在重试...
2022-11-28 14:44:43,115 Works -> 点击添加采集失败 -> 正在重试...
2022-11-28 14:44:43,918 Works -> 点击添加采集失败 -> 正在重试...
2022-11-28 14:44:44,748 Works -> 点击添加采集失败 -> 正在重试...
2022-11-28 14:44:45,584 Works -> 点击添加采集失败 -> 正在重试...
2022-11-28 14:44:46,407 Works -> 点击添加采集失败 -> 正在重试...
2022-11-28 14:44:47,250 Works -> 点击添加采集失败 -> 正在重试...
2022-11-28 14:44:48,092 Works -> 点击添加采集失败 -> 正在重试...
2022-11-28 14:44:48,894 Works -> 点击添加采集失败 -> 正在重试...
2022-11-28 14:44:49,729 Works -> 点击添加采集失败 -> 正在重试...
2022-11-28 14:44:50,539 Works -> 点击添加采集失败 -> 正在重试...
2022-11-28 14:44:51,359 Works -> 点击添加采集失败 -> 正在重试...
2022-11-28 14:44:52,187 Works -> 点击添加采集失败 -> 正在重试...
2022-11-28 14:44:53,021 Works -> 点击添加采集失败 -> 正在重试...
2022-11-28 14:44:53,868 Works -> 点击添加采集失败 -> 正在重试...
2022-11-28 14:44:54,693 Works -> 点击添加采集失败 -> 正在重试...
2022-11-28 14:44:55,518 Works -> 点击添加采集失败 -> 正在重试...
2022-11-28 14:44:56,361 Works -> 点击添加采集失败 -> 正在重试...
2022-11-28 14:44:57,180 Works -> 点击添加采集失败 -> 正在重试...
2022-11-28 14:44:57,972 Works -> 点击添加采集失败 -> 正在重试...
2022-11-28 14:44:58,776 Works -> 点击添加采集失败 -> 正在重试...
2022-11-28 14:44:59,617 Works -> 点击添加采集失败 -> 正在重试...
2022-11-28 14:45:00,408 Works -> 点击添加采集失败 -> 正在重试...
2022-11-28 14:45:01,220 Works -> 点击添加采集失败 -> 正在重试...
2022-11-28 14:45:02,023 Works -> 点击添加采集失败 -> 正在重试...
2022-11-28 14:45:02,830 Works -> 点击添加采集失败 -> 正在重试...
2022-11-28 14:45:03,619 Works -> 点击添加采集失败 -> 正在重试...
2022-11-28 14:45:04,443 Works -> 点击添加采集失败 -> 正在重试...
2022-11-28 14:45:05,260 Works -> 点击添加采集失败 -> 正在重试...
2022-11-28 14:45:07,839 Works -> 点击添加采集失败 -> 正在重试...
2022-11-28 18:07:35,992 Works -> 当前作品ID为：6358
2022-11-28 18:09:37,269 Works -> 当前作品ID为：6358
2022-11-28 18:11:09,708 Works -> 当前作品ID为：6359
2022-11-28 18:12:26,841 Works -> 当前作品ID为：6360
2022-11-28 18:13:44,145 Works -> 当前作品ID为：6361
2022-11-28 18:15:04,279 Works -> 当前作品ID为：6362
2022-11-28 18:16:23,950 Works -> 当前作品ID为：6363
2022-11-28 18:17:43,763 Works -> 当前作品ID为：6364
2022-11-28 18:18:41,282 Works -> 点击更多设置失败 -> 手动打开更多设置
2022-11-28 18:28:42,472 Works -> 继续...
2022-11-28 18:29:08,679 Works -> 当前作品ID为：6366
2022-11-28 18:29:19,153 Works -> 点击二级分类：其他漫画 失败 -> 手动点击
2022-11-28 18:30:23,693 Works -> 继续...
2022-11-28 18:31:29,729 Works -> 当前作品ID为：6367
2022-11-28 18:31:40,214 Works -> 点击二级分类：其他漫画 失败 -> 手动点击
2022-11-28 18:32:44,202 Works -> 继续...
2022-11-28 18:33:50,243 Works -> 当前作品ID为：6368
2022-11-28 18:34:00,844 Works -> 点击二级分类：其他漫画 失败 -> 手动点击
2022-11-28 18:34:19,538 Works -> 继续...
2022-11-28 18:35:25,533 Works -> 当前作品ID为：6369
2022-11-28 18:38:25,556 Works -> 当前作品ID为：6369
2022-11-28 18:38:36,055 Works -> 点击二级分类：其他动漫 失败 -> 手动点击
2022-11-28 18:41:46,739 Works -> 继续...
2022-11-28 18:42:32,055 Works -> 点击更多设置失败 -> 手动打开更多设置
2022-11-28 18:43:11,019 Works -> 继续...
2022-11-28 18:43:45,177 Works -> 未能发现 "返回作品列表" 按钮 -> 即将重试...
2022-11-28 18:44:18,603 Works -> 当前作品ID为：6369
2022-11-28 18:44:28,853 Works -> 点击二级分类：其他动漫 失败 -> 手动点击
2022-11-28 18:45:38,287 Works -> 继续...
2022-11-28 18:46:23,525 Works -> 点击更多设置失败 -> 手动打开更多设置
2022-11-28 19:06:00,886 Works -> 当前作品ID为：6369
2022-11-28 19:06:11,470 Works -> 点击二级分类：其他动漫 失败 -> 手动点击
2022-11-28 19:07:08,181 Works -> 当前作品ID为：6369
2022-11-28 19:11:00,222 Works -> 当前作品ID为：6369
2022-11-28 19:12:05,933 Works -> 点击二级分类：其他动漫 失败 -> 手动点击
2022-11-28 19:14:33,762 Works -> 当前作品ID为：6369
2022-11-28 19:14:44,168 Works -> 点击二级分类：其他动漫 失败 -> 手动点击
2022-11-28 19:15:05,739 Works -> 继续...
2022-11-28 19:16:13,903 Works -> 当前作品ID为：6370
2022-11-28 19:16:24,401 Works -> 点击二级分类：其他动漫 失败 -> 手动点击
2022-11-28 19:16:34,243 Works -> 继续...
2022-11-28 19:17:38,505 Works -> 当前作品ID为：6371
2022-11-28 19:17:48,956 Works -> 点击二级分类：其他动漫 失败 -> 手动点击
2022-11-28 19:18:10,036 Works -> 继续...
2022-11-28 19:19:14,244 Works -> 当前作品ID为：6372
2022-11-28 19:19:24,639 Works -> 点击二级分类：其他动漫 失败 -> 手动点击
2022-11-28 19:19:40,721 Works -> 继续...
2022-11-28 19:20:44,233 Works -> 当前作品ID为：6373
2022-11-28 19:20:55,993 Works -> 点击二级分类：其他动漫 失败 -> 手动点击
2022-11-28 19:21:04,100 Works -> 继续...
2022-11-28 19:22:07,123 Works -> 当前作品ID为：6374
2022-11-28 19:22:17,714 Works -> 点击二级分类：其他动漫 失败 -> 手动点击
2022-11-28 19:22:53,075 Works -> 继续...
2022-11-28 19:29:27,129 Works -> 当前作品ID为：6374
2022-11-28 19:29:37,674 Works -> 点击二级分类：其他动漫 失败 -> 手动点击
2022-11-28 19:31:05,295 Works -> 当前作品ID为：6374
2022-11-28 19:31:15,794 Works -> 点击二级分类：其他动漫 失败 -> 手动点击
2022-11-28 19:32:04,401 Works -> 当前作品ID为：6374
2022-11-28 19:32:14,992 Works -> 点击二级分类：其他动漫 失败 -> 手动点击
2022-11-28 19:32:20,559 Works -> 继续...
2022-11-28 19:33:25,520 Works -> 当前作品ID为：6375
2022-11-28 19:34:42,052 Works -> 当前作品ID为：6376
2022-11-28 19:35:55,683 Works -> 当前作品ID为：6377
2022-11-28 19:37:12,403 Works -> 当前作品ID为：6378
2022-11-28 19:38:26,122 Works -> 当前作品ID为：6379
2022-11-28 19:39:42,745 Works -> 当前作品ID为：6380
2022-11-28 19:40:59,367 Works -> 当前作品ID为：6381
2022-11-28 19:42:16,607 Works -> 当前作品ID为：6382
2022-11-28 19:43:33,490 Works -> 当前作品ID为：6383
2022-11-28 19:44:50,309 Works -> 当前作品ID为：6384
2022-11-28 19:46:07,459 Works -> 当前作品ID为：6385
2022-11-28 19:47:24,891 Works -> 当前作品ID为：6386
2022-11-28 19:48:41,921 Works -> 当前作品ID为：6387
2022-11-28 19:49:57,195 Works -> 当前作品ID为：6388
2022-11-28 19:51:09,080 Works -> 当前作品ID为：6389
2022-11-28 19:52:24,387 Works -> 当前作品ID为：6390
2022-11-28 19:53:39,140 Works -> 当前作品ID为：6391
2022-11-28 19:54:54,233 Works -> 当前作品ID为：6392
2022-11-28 19:56:09,171 Works -> 当前作品ID为：6393
2022-11-28 19:57:25,072 Works -> 当前作品ID为：6394
2022-11-28 19:58:41,121 Works -> 当前作品ID为：6395
2022-11-28 19:59:57,288 Works -> 当前作品ID为：6396
2022-11-28 20:01:13,490 Works -> 当前作品ID为：6398
2022-11-28 20:02:26,057 Works -> 当前作品ID为：6399
2022-11-28 20:03:38,103 Works -> 当前作品ID为：6400
2022-11-28 20:04:50,439 Works -> 当前作品ID为：6401
2022-11-28 20:06:03,296 Works -> 当前作品ID为：6402
2022-11-28 20:06:52,910 Works -> 点击更多设置失败 -> 手动打开更多设置
2022-11-28 20:08:42,243 Works -> 继续...
2022-11-28 20:09:09,109 Works -> 当前作品ID为：6403
2022-11-28 20:10:22,203 Works -> 当前作品ID为：6404
2022-11-28 20:11:35,567 Works -> 当前作品ID为：6405
2022-11-28 20:12:48,353 Works -> 当前作品ID为：6406
2022-11-28 20:14:01,617 Works -> 当前作品ID为：6407
2022-11-28 20:15:15,097 Works -> 当前作品ID为：6408
2022-11-28 20:24:41,501 Works -> 当前作品ID为：6409
2022-11-28 20:25:55,533 Works -> 当前作品ID为：6410
2022-11-28 20:27:11,230 Works -> 当前作品ID为：6411
2022-11-28 20:28:24,402 Works -> 当前作品ID为：6412
2022-11-28 20:29:39,078 Works -> 当前作品ID为：6413
2022-11-28 20:30:52,182 Works -> 当前作品ID为：6414
2022-11-28 20:32:05,390 Works -> 当前作品ID为：6415
2022-11-28 20:33:18,529 Works -> 当前作品ID为：6417
2022-11-28 20:34:31,432 Works -> 当前作品ID为：6418
2022-11-28 20:35:43,990 Works -> 当前作品ID为：6419
2022-11-28 20:36:56,051 Works -> 当前作品ID为：6420
2022-11-28 20:38:09,073 Works -> 当前作品ID为：6421
2022-11-28 20:39:22,127 Works -> 当前作品ID为：6422
2022-11-28 20:40:37,737 Works -> 当前作品ID为：6423
2022-11-28 20:41:53,894 Works -> 当前作品ID为：6424
2022-11-28 20:43:07,031 Works -> 当前作品ID为：6425
2022-11-28 20:44:21,978 Works -> 当前作品ID为：6426
2022-11-28 20:45:37,100 Works -> 当前作品ID为：6427
2022-11-28 20:46:52,887 Works -> 当前作品ID为：6428
2022-11-28 20:48:05,957 Works -> 当前作品ID为：6429
2022-11-28 20:49:17,839 Works -> 当前作品ID为：6430
2022-11-28 20:50:33,416 Works -> 当前作品ID为：6431
2022-11-28 20:51:46,620 Works -> 当前作品ID为：6432
2022-11-28 20:52:56,033 Works -> 当前作品ID为：6433
2022-11-28 20:54:11,260 Works -> 当前作品ID为：6434
2022-11-28 20:55:24,081 Works -> 当前作品ID为：6455
2022-11-28 20:56:43,377 Works -> 当前作品ID为：6456
2022-11-28 20:57:56,537 Works -> 当前作品ID为：6457
2022-11-28 21:52:30,956 Get_Works_Url -> 开始获取...
2022-11-29 19:20:59,493 <module> -> 请求失败：作品数据不存在
2022-11-29 19:21:28,685 <module> -> 请求失败：作品数据不存在
2022-11-29 19:21:43,962 <module> -> 请求失败：作品数据不存在
2022-11-29 19:24:19,534 <module> -> 请求失败：作品数据不存在
2022-11-29 19:25:53,448 <module> -> 请求失败：作品数据不存在
2022-11-29 19:26:40,395 Works -> 当前作品ID为：6458
2022-11-29 19:28:20,368 Works -> 当前作品ID为：6459
2022-11-29 19:29:32,371 Works -> 当前作品ID为：6460
2022-11-29 19:30:47,097 Works -> 当前作品ID为：6461
2022-11-29 19:31:59,244 Works -> 当前作品ID为：6462
2022-11-29 19:33:11,813 Works -> 当前作品ID为：6463
2022-11-29 19:34:24,004 Works -> 当前作品ID为：6464
2022-11-29 19:35:36,021 Works -> 当前作品ID为：6465
2022-11-29 19:36:48,226 Works -> 当前作品ID为：6466
2022-11-29 19:38:03,116 Works -> 当前作品ID为：6467
2022-11-29 19:39:15,264 Works -> 当前作品ID为：6468
2022-11-29 19:40:27,485 Works -> 当前作品ID为：6471
2022-11-29 19:41:39,672 Works -> 当前作品ID为：6472
2022-11-29 19:43:03,336 Works -> 当前作品ID为：6473
2022-11-29 19:44:19,256 Works -> 当前作品ID为：6474
2022-11-29 19:45:34,219 Works -> 当前作品ID为：6475
2022-11-29 19:46:50,535 Works -> 当前作品ID为：6476
2022-11-29 19:48:05,579 Works -> 当前作品ID为：6477
2022-11-29 19:49:20,431 Works -> 当前作品ID为：6478
2022-11-29 19:50:35,311 Works -> 当前作品ID为：6479
2022-11-29 19:51:50,671 Works -> 当前作品ID为：6480
2022-11-29 19:53:06,191 Works -> 当前作品ID为：6481
2022-11-29 19:54:21,316 Works -> 当前作品ID为：6483
2022-11-29 19:55:37,482 Works -> 当前作品ID为：6484
2022-11-29 19:56:53,396 Works -> 当前作品ID为：6485
2022-11-29 19:58:08,853 Works -> 当前作品ID为：6486
2022-11-29 19:59:24,102 Works -> 当前作品ID为：6487
2022-11-29 20:00:42,485 Works -> 当前作品ID为：6488
2022-11-29 20:01:58,090 Works -> 当前作品ID为：6489
2022-11-29 20:03:14,172 Works -> 当前作品ID为：6490
2022-11-29 20:04:37,280 Works -> 当前作品ID为：6491
2022-11-29 20:05:55,372 Works -> 当前作品ID为：6492
2022-11-29 20:07:10,355 Works -> 当前作品ID为：6493
2022-11-29 20:08:25,687 Works -> 当前作品ID为：6494
2022-11-29 20:09:40,957 Works -> 当前作品ID为：6495
2022-11-29 20:10:57,392 Works -> 当前作品ID为：6496
2022-11-29 20:12:12,680 Works -> 当前作品ID为：6497
2022-11-29 20:13:25,800 Works -> 当前作品ID为：6498
2022-11-29 20:14:40,532 Works -> 当前作品ID为：6499
2022-11-29 20:15:55,728 Works -> 当前作品ID为：6500
2022-11-29 20:16:07,406 Works -> 点击二级分类：其他动漫 失败 -> 手动点击
2022-11-29 20:37:30,477 Works -> 继续...
2022-11-29 20:38:37,193 Works -> 当前作品ID为：6501
2022-11-29 20:38:47,967 Works -> 点击二级分类：其他动漫 失败 -> 手动点击
2022-11-29 20:39:13,279 Works -> 继续...
2022-11-29 20:40:20,508 Works -> 当前作品ID为：6502
2022-11-29 20:40:30,904 Works -> 点击二级分类：其他动漫 失败 -> 手动点击
2022-11-29 20:41:55,813 Works -> 继续...
2022-11-29 20:43:02,370 Works -> 当前作品ID为：6503
2022-11-29 20:43:12,871 Works -> 点击二级分类：其他动漫 失败 -> 手动点击
2022-11-29 20:43:58,607 Works -> 继续...
2022-11-29 20:45:04,960 Works -> 当前作品ID为：6504
2022-11-29 20:45:15,272 Works -> 点击二级分类：其他动漫 失败 -> 手动点击
2022-11-29 20:46:02,817 Works -> 继续...
2022-11-29 20:47:09,110 Works -> 当前作品ID为：6505
2022-11-29 20:47:19,634 Works -> 点击二级分类：其他动漫 失败 -> 手动点击
2022-11-29 20:47:39,997 Works -> 继续...
2022-11-29 20:48:46,430 Works -> 当前作品ID为：6506
2022-11-29 20:48:57,014 Works -> 点击二级分类：其他动漫 失败 -> 手动点击
2022-11-29 20:49:35,469 Works -> 继续...
2022-11-29 20:50:41,972 Works -> 当前作品ID为：6507
2022-11-29 20:50:52,234 Works -> 点击二级分类：其他动漫 失败 -> 手动点击
2022-11-29 20:51:25,201 Works -> 继续...
2022-11-29 20:52:31,930 Works -> 当前作品ID为：6508
2022-11-29 20:52:42,446 Works -> 点击二级分类：其他动漫 失败 -> 手动点击
2022-11-29 20:53:00,478 Works -> 继续...
2022-11-29 20:54:06,787 Works -> 当前作品ID为：6509
2022-11-29 20:54:17,197 Works -> 点击二级分类：其他动漫 失败 -> 手动点击
2022-11-29 20:54:27,228 Works -> 继续...
2022-11-29 20:55:33,427 Works -> 当前作品ID为：6510
2022-11-29 20:55:43,828 Works -> 点击二级分类：其他动漫 失败 -> 手动点击
2022-11-29 20:56:30,111 Works -> 继续...
2022-11-29 20:57:36,451 Works -> 当前作品ID为：6511
2022-11-29 20:57:47,056 Works -> 点击二级分类：其他动漫 失败 -> 手动点击
2022-11-29 20:58:14,423 Works -> 继续...
2022-11-29 20:59:20,698 Works -> 当前作品ID为：6512
2022-11-29 20:59:31,207 Works -> 点击二级分类：其他动漫 失败 -> 手动点击
2022-11-29 20:59:46,459 Works -> 继续...
2022-11-29 21:00:52,809 Works -> 当前作品ID为：6513
2022-11-29 21:01:03,319 Works -> 点击二级分类：其他动漫 失败 -> 手动点击
2022-11-29 21:02:12,125 Works -> 继续...
2022-11-29 21:03:18,417 Works -> 当前作品ID为：6514
2022-11-29 21:03:28,826 Works -> 点击二级分类：其他动漫 失败 -> 手动点击
2022-11-29 21:03:35,255 Works -> 继续...
2022-11-29 21:04:41,390 Works -> 当前作品ID为：6515
2022-11-29 21:04:51,904 Works -> 点击二级分类：其他动漫 失败 -> 手动点击
2022-11-29 21:05:00,325 Works -> 继续...
2022-11-29 21:06:06,664 Works -> 当前作品ID为：6516
2022-11-29 21:06:17,184 Works -> 点击二级分类：其他动漫 失败 -> 手动点击
2022-11-29 21:06:22,277 Works -> 继续...
2022-11-29 21:07:28,564 Works -> 当前作品ID为：6517
2022-11-29 21:07:39,387 Works -> 点击二级分类：其他动漫 失败 -> 手动点击
2022-11-29 21:07:48,725 Works -> 继续...
2022-11-29 21:08:55,899 Works -> 当前作品ID为：6526
2022-11-29 21:10:12,085 Works -> 当前作品ID为：6527
2022-11-29 21:11:23,345 Works -> 当前作品ID为：6528
2022-11-29 21:12:37,174 Works -> 当前作品ID为：6529
2022-11-29 21:13:48,488 Works -> 当前作品ID为：6530
2022-11-29 21:14:59,801 Works -> 当前作品ID为：6531
2022-11-29 21:16:11,258 Works -> 当前作品ID为：6532
2022-11-29 21:17:22,220 Works -> 当前作品ID为：6533
2022-11-29 21:18:34,612 Works -> 当前作品ID为：6534
2022-11-29 21:19:46,572 Works -> 当前作品ID为：6535
2022-11-29 21:20:58,757 Works -> 当前作品ID为：6536
2022-11-29 21:21:53,027 Works -> 点击更多设置失败 -> 手动打开更多设置
2022-11-29 21:24:03,155 Works -> 继续...
2022-11-29 21:24:29,107 Works -> 当前作品ID为：6537
2022-11-29 21:25:43,068 Works -> 当前作品ID为：6538
2022-11-29 21:26:55,212 Works -> 当前作品ID为：6539
2022-11-29 21:28:07,240 Works -> 当前作品ID为：6540
2022-11-29 21:29:22,081 Works -> 当前作品ID为：6541
2022-11-29 21:30:37,242 Works -> 当前作品ID为：6542
2022-11-29 21:31:48,984 Works -> 当前作品ID为：6543
2022-11-29 21:33:01,238 Works -> 当前作品ID为：6544
2022-11-29 21:34:13,264 Works -> 当前作品ID为：6545
2022-11-29 21:35:28,648 Works -> 当前作品ID为：6546
2022-11-29 21:36:18,343 Works -> 点击更多设置失败 -> 手动打开更多设置
2022-11-29 21:37:10,621 Works -> 继续...
2022-11-29 21:37:37,446 Works -> 当前作品ID为：6547
2022-11-29 21:38:49,699 Works -> 当前作品ID为：6548
2022-11-29 21:40:04,746 Works -> 当前作品ID为：6549
2022-11-29 21:41:16,381 Works -> 当前作品ID为：6550
2022-11-29 21:42:08,345 Works -> 点击更多设置失败 -> 手动打开更多设置
2022-11-29 21:42:17,875 Works -> 继续...
2022-11-29 21:42:44,818 Works -> 当前作品ID为：6551
2022-11-29 21:44:00,034 Works -> 当前作品ID为：6552
2022-11-29 21:45:11,440 Works -> 当前作品ID为：6553
2022-11-29 21:46:26,394 Works -> 当前作品ID为：6554
2022-11-29 21:47:41,258 Works -> 当前作品ID为：6555
2022-11-29 21:48:53,316 Works -> 当前作品ID为：6556
2022-11-29 21:50:07,819 Works -> 当前作品ID为：6557
2022-11-29 21:51:19,356 Works -> 当前作品ID为：6558
2022-11-29 22:02:58,354 Get_Works_Url -> 开始获取...
2022-11-30 19:24:44,357 Works -> 当前作品ID为：6558
2022-11-30 19:26:17,555 Works -> 当前作品ID为：6559
2022-11-30 19:27:27,735 Works -> 当前作品ID为：6560
2022-11-30 19:28:40,845 Works -> 当前作品ID为：6561
2022-11-30 19:29:51,032 Works -> 当前作品ID为：6562
2022-11-30 19:31:04,518 Works -> 当前作品ID为：6563
2022-11-30 19:32:16,241 Works -> 当前作品ID为：6564
2022-11-30 19:33:30,487 Works -> 当前作品ID为：6565
2022-11-30 19:34:42,153 Works -> 当前作品ID为：6566
2022-11-30 19:35:53,765 Works -> 当前作品ID为：6567
2022-11-30 19:37:06,636 Works -> 当前作品ID为：6568
2022-11-30 19:38:19,359 Works -> 当前作品ID为：6569
2022-11-30 19:39:31,023 Works -> 当前作品ID为：6570
2022-11-30 19:40:43,819 Works -> 当前作品ID为：6571
2022-11-30 19:41:56,200 Works -> 当前作品ID为：6572
2022-11-30 19:43:08,152 Works -> 当前作品ID为：6573
2022-11-30 19:44:23,251 Works -> 当前作品ID为：6574
2022-11-30 19:45:35,904 Works -> 当前作品ID为：6575
2022-11-30 19:46:51,383 Works -> 当前作品ID为：6576
2022-11-30 19:48:03,281 Works -> 当前作品ID为：6577
2022-11-30 19:49:18,843 Works -> 当前作品ID为：6578
2022-11-30 19:50:33,272 Works -> 当前作品ID为：6579
2022-11-30 19:51:45,039 Works -> 当前作品ID为：6580
2022-11-30 19:52:57,166 Works -> 当前作品ID为：6581
2022-11-30 19:54:09,048 Works -> 当前作品ID为：6582
2022-11-30 19:55:22,167 Works -> 当前作品ID为：6583
2022-11-30 19:56:34,450 Works -> 当前作品ID为：6584
2022-11-30 19:57:49,253 Works -> 当前作品ID为：6585
2022-11-30 19:59:01,239 Works -> 当前作品ID为：6586
2022-11-30 20:00:13,529 Works -> 当前作品ID为：6587
2022-11-30 20:01:26,475 Works -> 当前作品ID为：6588
2022-11-30 20:02:39,189 Works -> 当前作品ID为：6589
2022-11-30 20:03:52,427 Works -> 当前作品ID为：6590
2022-11-30 20:05:05,311 Works -> 当前作品ID为：6591
2022-11-30 20:06:18,004 Works -> 当前作品ID为：6592
2022-11-30 20:07:30,880 Works -> 当前作品ID为：6593
2022-11-30 20:08:49,288 Works -> 当前作品ID为：6594
2022-11-30 20:10:02,349 Works -> 当前作品ID为：6595
2022-11-30 20:11:15,729 Works -> 当前作品ID为：6596
2022-11-30 20:12:28,592 Works -> 当前作品ID为：6597
2022-11-30 20:13:41,368 Works -> 当前作品ID为：6598
2022-11-30 20:14:54,158 Works -> 当前作品ID为：6599
2022-11-30 20:16:06,351 Works -> 当前作品ID为：6600
2022-11-30 20:17:18,366 Works -> 当前作品ID为：6601
2022-11-30 20:18:31,394 Works -> 当前作品ID为：6602
2022-11-30 20:19:44,387 Works -> 当前作品ID为：6603
2022-11-30 20:20:57,616 Works -> 当前作品ID为：6604
2022-11-30 20:22:10,281 Works -> 当前作品ID为：6605
2022-11-30 20:23:23,220 Works -> 当前作品ID为：6606
2022-11-30 20:24:35,509 Works -> 当前作品ID为：6607
2022-11-30 20:25:48,603 Works -> 当前作品ID为：6608
2022-11-30 20:27:06,729 Works -> 当前作品ID为：6609
2022-11-30 20:28:19,530 Works -> 当前作品ID为：6610
2022-11-30 20:29:34,575 Works -> 当前作品ID为：6611
2022-11-30 20:30:46,340 Works -> 当前作品ID为：6612
2022-11-30 20:31:58,753 Works -> 当前作品ID为：6613
2022-11-30 20:33:14,387 Works -> 当前作品ID为：6614
2022-11-30 20:34:29,554 Works -> 当前作品ID为：6615
2022-11-30 20:35:44,502 Works -> 当前作品ID为：6616
2022-11-30 20:37:05,406 Works -> 当前作品ID为：6617
2022-11-30 20:38:20,118 Works -> 当前作品ID为：6618
2022-11-30 20:39:34,433 Works -> 当前作品ID为：6619
2022-11-30 20:40:49,294 Works -> 当前作品ID为：6620
2022-11-30 20:42:04,041 Works -> 当前作品ID为：6621
2022-11-30 20:43:18,413 Works -> 当前作品ID为：6622
2022-11-30 20:44:33,565 Works -> 当前作品ID为：6623
2022-11-30 20:45:48,736 Works -> 当前作品ID为：6624
2022-11-30 20:47:04,225 Works -> 当前作品ID为：6625
2022-11-30 20:48:19,201 Works -> 当前作品ID为：6626
2022-11-30 20:49:34,428 Works -> 当前作品ID为：6627
2022-11-30 20:50:49,107 Works -> 当前作品ID为：6628
2022-11-30 20:52:01,080 Works -> 当前作品ID为：6629
2022-11-30 20:53:13,552 Works -> 当前作品ID为：6630
2022-11-30 20:54:28,634 Works -> 当前作品ID为：6631
2022-11-30 20:55:43,288 Works -> 当前作品ID为：6632
2022-11-30 20:56:58,786 Works -> 当前作品ID为：6633
2022-11-30 20:58:13,190 Works -> 当前作品ID为：6634
2022-11-30 20:59:28,624 Works -> 当前作品ID为：6635
2022-11-30 21:00:46,440 Works -> 当前作品ID为：6636
2022-11-30 21:02:04,220 Works -> 当前作品ID为：6637
2022-11-30 21:03:22,064 Works -> 当前作品ID为：6638
2022-11-30 21:04:40,530 Works -> 当前作品ID为：6639
2022-11-30 21:05:58,795 Works -> 当前作品ID为：6640
2022-11-30 21:07:16,186 Works -> 当前作品ID为：6641
2022-11-30 21:08:31,137 Works -> 当前作品ID为：6642
2022-11-30 21:09:46,276 Works -> 当前作品ID为：6643
2022-11-30 21:11:03,340 Works -> 当前作品ID为：6644
2022-11-30 21:12:19,114 Works -> 当前作品ID为：6645
2022-11-30 21:13:39,990 Works -> 当前作品ID为：6646
2022-11-30 21:14:55,400 Works -> 当前作品ID为：6647
2022-11-30 21:16:14,314 Works -> 当前作品ID为：6648
2022-11-30 21:17:32,885 Works -> 当前作品ID为：6649
2022-11-30 21:18:48,478 Works -> 当前作品ID为：6650
2022-11-30 21:20:06,508 Works -> 当前作品ID为：6651
2022-11-30 21:21:24,575 Works -> 当前作品ID为：6652
2022-11-30 21:22:40,484 Works -> 当前作品ID为：6659
2022-11-30 21:23:52,791 Works -> 当前作品ID为：6660
2022-11-30 21:25:05,378 Works -> 当前作品ID为：6661
2022-11-30 21:26:17,357 Works -> 当前作品ID为：6662
2022-11-30 21:27:29,104 Works -> 当前作品ID为：6663
2022-11-30 21:33:49,412 Get_Works_Url -> 开始获取...
2022-12-01 17:59:53,673 Works -> 当前作品ID为：6659
2022-12-01 18:01:26,016 Works -> 当前作品ID为：6660
2022-12-01 18:02:37,582 Works -> 当前作品ID为：6661
2022-12-01 18:03:49,094 Works -> 当前作品ID为：6662
2022-12-01 18:05:00,602 Works -> 当前作品ID为：6663
2022-12-01 18:06:12,499 Works -> 当前作品ID为：6664
2022-12-01 18:07:35,368 Works -> 当前作品ID为：6665
2022-12-01 18:08:47,425 Works -> 当前作品ID为：6666
2022-12-01 18:09:58,887 Works -> 当前作品ID为：6667
2022-12-01 18:11:10,529 Works -> 当前作品ID为：6668
2022-12-01 18:12:31,144 Works -> 当前作品ID为：6669
2022-12-01 18:13:51,531 Works -> 当前作品ID为：6670
2022-12-01 18:15:03,680 Works -> 当前作品ID为：6671
2022-12-01 18:16:15,741 Works -> 当前作品ID为：6672
2022-12-01 18:17:27,669 Works -> 当前作品ID为：6673
2022-12-01 18:18:42,681 Works -> 当前作品ID为：6674
2022-12-01 18:19:54,486 Works -> 当前作品ID为：6675
2022-12-01 18:21:09,537 Works -> 当前作品ID为：6676
2022-12-01 18:22:21,598 Works -> 当前作品ID为：6677
2022-12-01 18:23:38,897 Works -> 当前作品ID为：6678
2022-12-01 18:24:56,725 Works -> 当前作品ID为：6679
2022-12-01 18:26:14,906 Works -> 当前作品ID为：6680
2022-12-01 18:27:32,897 Works -> 当前作品ID为：6681
2022-12-01 18:28:50,641 Works -> 当前作品ID为：6682
2022-12-01 18:30:08,430 Works -> 当前作品ID为：6683
2022-12-01 18:31:26,218 Works -> 当前作品ID为：6684
2022-12-01 18:32:43,766 Works -> 当前作品ID为：6685
2022-12-01 18:34:01,607 Works -> 当前作品ID为：6686
2022-12-01 18:35:15,565 Works -> 当前作品ID为：6687
2022-12-01 18:36:30,607 Works -> 当前作品ID为：6688
2022-12-01 18:37:45,324 Works -> 当前作品ID为：6690
2022-12-01 18:39:00,510 Works -> 当前作品ID为：6691
2022-12-01 18:40:15,802 Works -> 当前作品ID为：6692
2022-12-01 18:41:30,906 Works -> 当前作品ID为：6693
2022-12-01 18:42:45,620 Works -> 当前作品ID为：6694
2022-12-01 18:44:00,570 Works -> 当前作品ID为：6695
2022-12-01 18:45:15,834 Works -> 当前作品ID为：6696
2022-12-01 18:46:30,838 Works -> 当前作品ID为：6697
2022-12-01 18:47:47,238 Works -> 当前作品ID为：6698
2022-12-01 18:49:02,419 Works -> 当前作品ID为：6699
2022-12-01 18:50:17,692 Works -> 当前作品ID为：6700
2022-12-01 18:51:33,750 Works -> 当前作品ID为：6701
2022-12-01 18:52:49,621 Works -> 当前作品ID为：6702
2022-12-01 18:54:05,557 Works -> 当前作品ID为：6703
2022-12-01 18:55:21,027 Works -> 当前作品ID为：6704
2022-12-01 18:56:35,757 Works -> 当前作品ID为：6705
2022-12-01 18:57:50,792 Works -> 当前作品ID为：6706
2022-12-01 18:59:06,008 Works -> 当前作品ID为：6707
2022-12-01 19:00:20,733 Works -> 当前作品ID为：6708
2022-12-01 19:01:36,245 Works -> 当前作品ID为：6709
2022-12-01 19:02:51,463 Works -> 当前作品ID为：6710
2022-12-01 19:04:05,727 Works -> 当前作品ID为：6711
2022-12-01 19:05:20,853 Works -> 当前作品ID为：6712
2022-12-01 19:06:32,689 Works -> 当前作品ID为：6713
2022-12-01 19:07:49,052 Works -> 当前作品ID为：6714
2022-12-01 19:09:04,868 Works -> 当前作品ID为：6715
2022-12-01 19:10:19,800 Works -> 当前作品ID为：6716
2022-12-01 19:11:34,876 Works -> 当前作品ID为：6717
2022-12-01 19:12:50,739 Works -> 当前作品ID为：6718
2022-12-01 19:14:05,795 Works -> 当前作品ID为：6719
2022-12-01 19:15:21,514 Works -> 当前作品ID为：6720
2022-12-01 19:16:37,109 Works -> 当前作品ID为：6721
2022-12-01 19:17:30,080 Works -> 点击更多设置失败 -> 手动打开更多设置
2022-12-01 19:26:34,926 Works -> 继续...
2022-12-01 19:27:02,162 Works -> 当前作品ID为：6722
2022-12-01 19:28:20,645 Works -> 当前作品ID为：6723
2022-12-01 19:29:12,873 Works -> 点击更多设置失败 -> 手动打开更多设置
2022-12-01 19:32:16,193 Works -> 继续...
2022-12-01 19:32:43,033 Works -> 当前作品ID为：6724
2022-12-01 19:33:58,577 Works -> 当前作品ID为：6725
2022-12-01 19:35:15,674 Works -> 当前作品ID为：6726
2022-12-01 19:36:34,095 Works -> 当前作品ID为：6727
2022-12-01 19:37:49,364 Works -> 当前作品ID为：6728
2022-12-01 19:39:04,734 Works -> 当前作品ID为：6729
2022-12-01 19:40:20,198 Works -> 当前作品ID为：6730
2022-12-01 19:41:37,668 Works -> 当前作品ID为：6731
2022-12-01 19:42:52,657 Works -> 当前作品ID为：6732
2022-12-01 19:44:09,715 Works -> 当前作品ID为：6733
2022-12-01 19:45:24,648 Works -> 当前作品ID为：6734
2022-12-01 19:46:43,243 Works -> 当前作品ID为：6735
2022-12-01 19:47:58,831 Works -> 当前作品ID为：6736
2022-12-01 19:49:14,218 Works -> 当前作品ID为：6737
2022-12-01 19:50:29,565 Works -> 当前作品ID为：6738
2022-12-01 19:51:45,181 Works -> 当前作品ID为：6739
2022-12-01 19:53:00,610 Works -> 当前作品ID为：6740
2022-12-01 19:54:18,640 Works -> 当前作品ID为：6741
2022-12-01 19:55:38,768 Works -> 当前作品ID为：6742
2022-12-01 19:56:57,610 Works -> 当前作品ID为：6743
2022-12-01 19:58:12,962 Works -> 当前作品ID为：6744
2022-12-01 19:59:27,625 Works -> 当前作品ID为：6745
2022-12-01 20:00:45,384 Works -> 当前作品ID为：6747
2022-12-01 20:02:00,551 Works -> 当前作品ID为：6748
2022-12-01 20:03:18,990 Works -> 当前作品ID为：6749
2022-12-01 20:04:33,604 Works -> 当前作品ID为：6750
2022-12-01 20:05:48,039 Works -> 当前作品ID为：6751
2022-12-01 20:07:02,382 Works -> 当前作品ID为：6752
2022-12-01 20:08:16,325 Works -> 当前作品ID为：6753
2022-12-01 20:09:31,028 Works -> 当前作品ID为：6754
2022-12-01 20:10:45,378 Works -> 当前作品ID为：6755
2022-12-01 20:11:57,206 Works -> 当前作品ID为：6756
2022-12-01 20:13:11,659 Works -> 当前作品ID为：6757
2022-12-01 20:14:26,402 Works -> 当前作品ID为：6758
2022-12-01 20:15:18,814 Works -> 点击更多设置失败 -> 手动打开更多设置
2022-12-01 20:17:59,045 Works -> 继续...
2022-12-02 21:35:28,262 Works -> 当前作品ID为：6758
2022-12-02 21:37:04,320 Works -> 当前作品ID为：6759
2022-12-02 21:38:19,009 Works -> 当前作品ID为：6760
2022-12-02 21:39:33,279 Works -> 当前作品ID为：6761
2022-12-02 21:40:50,389 Works -> 当前作品ID为：6762
2022-12-02 21:42:04,910 Works -> 当前作品ID为：6763
2022-12-02 21:43:20,251 Works -> 当前作品ID为：6764
2022-12-02 21:44:35,427 Works -> 当前作品ID为：6765
2022-12-02 21:45:50,202 Works -> 当前作品ID为：6766
2022-12-02 21:47:05,210 Works -> 当前作品ID为：6767
2022-12-02 21:48:20,904 Works -> 当前作品ID为：6768
2022-12-02 21:49:36,643 Works -> 当前作品ID为：6769
2022-12-02 21:50:54,583 Works -> 当前作品ID为：6770
2022-12-02 21:52:12,234 Works -> 当前作品ID为：6771
2022-12-02 21:53:29,764 Works -> 当前作品ID为：6772
2022-12-02 21:54:45,157 Works -> 当前作品ID为：6773
2022-12-02 21:56:01,616 Works -> 当前作品ID为：6774
2022-12-02 21:57:18,148 Works -> 当前作品ID为：6775
2022-12-02 21:58:33,240 Works -> 当前作品ID为：6776
2022-12-02 21:59:46,435 Works -> 当前作品ID为：6777
2022-12-02 22:00:59,120 Works -> 当前作品ID为：6778
2022-12-02 22:02:14,564 Works -> 当前作品ID为：6779
2022-12-02 22:03:28,420 Works -> 当前作品ID为：6780
2022-12-02 22:04:41,850 Works -> 当前作品ID为：6781
2022-12-02 22:05:57,678 Works -> 当前作品ID为：6782
2022-12-02 22:07:10,983 Works -> 当前作品ID为：6783
2022-12-02 22:08:26,213 Works -> 当前作品ID为：6784
2022-12-02 22:09:42,239 Works -> 当前作品ID为：6785
2022-12-02 22:10:57,471 Works -> 当前作品ID为：6786
2022-12-02 22:12:12,641 Works -> 当前作品ID为：6787
2022-12-02 22:13:30,474 Works -> 当前作品ID为：6788
2022-12-02 22:14:45,530 Works -> 当前作品ID为：6789
2022-12-02 22:16:00,566 Works -> 当前作品ID为：6790
2022-12-02 22:17:16,101 Works -> 当前作品ID为：6791
2022-12-02 22:18:30,665 Works -> 当前作品ID为：6792
2022-12-02 22:19:45,348 Works -> 当前作品ID为：6793
2022-12-02 22:21:02,859 Works -> 当前作品ID为：6794
2022-12-02 22:22:18,196 Works -> 当前作品ID为：6795
2022-12-02 22:23:34,256 Works -> 当前作品ID为：6796
2022-12-02 22:24:49,418 Works -> 当前作品ID为：6797
2022-12-02 22:26:05,505 Works -> 当前作品ID为：6798
2022-12-02 22:27:21,332 Works -> 当前作品ID为：6799
2022-12-02 22:28:37,244 Works -> 当前作品ID为：6800
2022-12-02 22:29:53,080 Works -> 当前作品ID为：6801
2022-12-02 22:31:09,352 Works -> 当前作品ID为：6802
2022-12-02 22:32:26,751 Works -> 当前作品ID为：6803
2022-12-02 22:33:43,453 Works -> 当前作品ID为：6804
2022-12-02 22:33:54,305 Works -> 点击二级分类：其他动漫 失败 -> 手动点击
2022-12-02 23:19:30,954 Works -> 继续...
2022-12-02 23:20:38,130 Works -> 当前作品ID为：6805
2022-12-02 23:20:48,732 Works -> 点击二级分类：其他动漫 失败 -> 手动点击
2022-12-02 23:21:02,770 Works -> 继续...
2022-12-02 23:22:08,759 Works -> 当前作品ID为：6806
2022-12-02 23:22:19,157 Works -> 点击二级分类：其他动漫 失败 -> 手动点击
2022-12-02 23:22:25,683 Works -> 继续...
2022-12-02 23:23:31,548 Works -> 当前作品ID为：6807
2022-12-02 23:23:42,121 Works -> 点击二级分类：其他动漫 失败 -> 手动点击
2022-12-02 23:24:01,417 Works -> 继续...
2022-12-02 23:25:04,853 Works -> 当前作品ID为：6808
2022-12-02 23:25:15,340 Works -> 点击二级分类：其他动漫 失败 -> 手动点击
2022-12-02 23:25:24,425 Works -> 继续...
2022-12-02 23:26:30,366 Works -> 当前作品ID为：6809
2022-12-02 23:26:40,914 Works -> 点击二级分类：其他动漫 失败 -> 手动点击
2022-12-02 23:27:15,778 Works -> 继续...
2022-12-02 23:28:21,902 Works -> 当前作品ID为：6810
2022-12-02 23:28:32,544 Works -> 点击二级分类：其他动漫 失败 -> 手动点击
2022-12-02 23:30:45,673 Works -> 继续...
2022-12-02 23:31:48,995 Works -> 当前作品ID为：6811
2022-12-02 23:31:59,823 Works -> 点击二级分类：其他动漫 失败 -> 手动点击
2022-12-02 23:32:50,255 Works -> 继续...
2022-12-02 23:33:53,917 Works -> 当前作品ID为：6812
2022-12-02 23:34:04,646 Works -> 点击二级分类：其他动漫 失败 -> 手动点击
2022-12-02 23:38:50,547 Works -> 继续...
2022-12-02 23:39:53,983 Works -> 当前作品ID为：6813
2022-12-02 23:40:04,608 Works -> 点击二级分类：其他动漫 失败 -> 手动点击
2022-12-02 23:40:12,760 Works -> 继续...
2022-12-02 23:41:18,523 Works -> 当前作品ID为：6814
2022-12-02 23:41:29,119 Works -> 点击二级分类：其他动漫 失败 -> 手动点击
2022-12-02 23:44:43,531 Works -> 继续...
2022-12-02 23:45:49,370 Works -> 当前作品ID为：6815
2022-12-02 23:45:59,750 Works -> 点击二级分类：其他动漫 失败 -> 手动点击
2022-12-02 23:46:06,397 Works -> 继续...
2022-12-02 23:47:12,091 Works -> 当前作品ID为：6816
2022-12-02 23:47:22,677 Works -> 点击二级分类：其他动漫 失败 -> 手动点击
2022-12-02 23:47:40,717 Works -> 继续...
2022-12-02 23:48:43,907 Works -> 当前作品ID为：6817
2022-12-02 23:48:54,483 Works -> 点击二级分类：其他动漫 失败 -> 手动点击
2022-12-02 23:49:12,327 Works -> 继续...
2022-12-02 23:50:18,280 Works -> 当前作品ID为：6818
2022-12-02 23:50:29,015 Works -> 点击二级分类：其他动漫 失败 -> 手动点击
2022-12-02 23:51:03,682 Works -> 继续...
2022-12-02 23:52:09,882 Works -> 当前作品ID为：6819
2022-12-02 23:52:20,547 Works -> 点击二级分类：其他动漫 失败 -> 手动点击
2022-12-02 23:52:28,984 Works -> 继续...
2022-12-02 23:53:31,815 Works -> 当前作品ID为：6820
2022-12-02 23:53:42,620 Works -> 点击二级分类：其他动漫 失败 -> 手动点击
2022-12-02 23:53:55,253 Works -> 继续...
2022-12-02 23:54:58,619 Works -> 当前作品ID为：6821
2022-12-02 23:55:09,312 Works -> 点击二级分类：其他动漫 失败 -> 手动点击
2022-12-02 23:55:16,553 Works -> 继续...
2022-12-02 23:56:19,994 Works -> 当前作品ID为：6822
2022-12-02 23:56:30,610 Works -> 点击二级分类：其他动漫 失败 -> 手动点击
2022-12-02 23:56:47,499 Works -> 继续...
2022-12-02 23:57:53,764 Works -> 当前作品ID为：6823
2022-12-02 23:58:04,333 Works -> 点击二级分类：其他动漫 失败 -> 手动点击
2022-12-02 23:58:24,417 Works -> 继续...
2022-12-02 23:59:30,591 Works -> 当前作品ID为：6824
2022-12-02 23:59:41,235 Works -> 点击二级分类：其他动漫 失败 -> 手动点击
2022-12-02 23:59:50,482 Works -> 继续...
2022-12-03 00:00:56,377 Works -> 当前作品ID为：6825
2022-12-03 00:01:07,469 Works -> 点击二级分类：其他动漫 失败 -> 手动点击
2022-12-03 00:01:36,745 Works -> 继续...
2022-12-03 00:02:48,359 Works -> 当前作品ID为：6826
2022-12-03 00:02:59,631 Works -> 点击二级分类：其他动漫 失败 -> 手动点击
2022-12-03 00:03:08,027 Works -> 继续...
2022-12-03 00:04:17,550 Works -> 当前作品ID为：6827
2022-12-03 00:04:28,091 Works -> 点击二级分类：其他动漫 失败 -> 手动点击
2022-12-03 00:04:34,915 Works -> 继续...
2022-12-03 00:05:41,164 Works -> 当前作品ID为：6828
2022-12-03 00:05:51,653 Works -> 点击二级分类：其他动漫 失败 -> 手动点击
2022-12-03 00:06:33,329 Works -> 继续...
2022-12-03 00:07:40,131 Works -> 当前作品ID为：6829
2022-12-03 00:07:50,692 Works -> 点击二级分类：其他动漫 失败 -> 手动点击
2022-12-03 00:08:11,157 Works -> 继续...
2022-12-03 00:09:14,778 Works -> 当前作品ID为：6830
2022-12-03 00:09:25,320 Works -> 点击二级分类：其他动漫 失败 -> 手动点击
2022-12-03 00:09:30,298 Works -> 继续...
2022-12-03 00:10:33,482 Works -> 当前作品ID为：6831
2022-12-03 00:10:44,026 Works -> 点击二级分类：其他三维 失败 -> 手动点击
2022-12-03 00:11:04,567 Works -> 继续...
2022-12-03 00:12:04,863 Works -> 当前作品ID为：6832
2022-12-03 00:12:15,390 Works -> 点击二级分类：其他三维 失败 -> 手动点击
2022-12-03 00:12:25,281 Works -> 继续...
2022-12-03 00:13:30,881 Works -> 当前作品ID为：6833
2022-12-03 00:13:41,407 Works -> 点击二级分类：其他三维 失败 -> 手动点击
2022-12-03 00:13:48,892 Works -> 继续...
2022-12-03 00:14:51,884 Works -> 当前作品ID为：6834
2022-12-03 00:15:02,345 Works -> 点击二级分类：其他三维 失败 -> 手动点击
2022-12-03 00:15:06,815 Works -> 继续...
2022-12-03 00:16:10,293 Works -> 当前作品ID为：6835
2022-12-03 00:16:20,921 Works -> 点击二级分类：其他三维 失败 -> 手动点击
2022-12-03 00:16:35,919 Works -> 继续...
2022-12-03 00:17:39,547 Works -> 当前作品ID为：6836
2022-12-03 00:17:50,118 Works -> 点击二级分类：其他三维 失败 -> 手动点击
2022-12-03 00:17:54,966 Works -> 继续...
2022-12-03 00:19:01,096 Works -> 当前作品ID为：6837
2022-12-03 00:19:11,708 Works -> 点击二级分类：其他三维 失败 -> 手动点击
2022-12-03 00:23:57,033 Works -> 继续...
2022-12-03 00:25:31,505 Works -> 当前作品ID为：6838
2022-12-03 00:26:43,875 Works -> 当前作品ID为：6839
2022-12-03 00:27:58,900 Works -> 当前作品ID为：6840
2022-12-03 00:29:14,145 Works -> 当前作品ID为：6841
2022-12-03 00:30:29,123 Works -> 当前作品ID为：6842
2022-12-03 00:31:41,032 Works -> 当前作品ID为：6843
2022-12-03 00:32:56,796 Works -> 当前作品ID为：6844
2022-12-03 00:34:12,385 Works -> 当前作品ID为：6845
2022-12-03 00:35:25,217 Works -> 当前作品ID为：6846
2022-12-03 00:36:38,605 Works -> 当前作品ID为：6847
2022-12-03 00:37:54,392 Works -> 当前作品ID为：6848
2022-12-03 00:39:07,404 Works -> 当前作品ID为：6849
2022-12-03 00:40:26,089 Works -> 当前作品ID为：6850
2022-12-03 00:41:44,271 Works -> 当前作品ID为：6851
2022-12-03 00:43:00,570 Works -> 当前作品ID为：6852
2022-12-03 00:44:16,433 Works -> 当前作品ID为：6853
2022-12-03 00:45:32,525 Works -> 当前作品ID为：6854
2022-12-03 00:46:49,516 Works -> 当前作品ID为：6855
2022-12-03 00:48:05,673 Works -> 当前作品ID为：6856
2022-12-03 00:49:21,973 Works -> 当前作品ID为：6857
2022-12-05 13:35:18,631 Works -> 当前作品ID为：6838
2022-12-05 14:24:03,902 Works -> 当前作品ID为：6838
2022-12-05 14:25:33,384 Works -> 当前作品ID为：6838
2022-12-05 14:25:47,001 Works -> 点击上传作品失败 -> 手动点击上传作品
2022-12-05 20:32:00,862 Works -> 当前作品ID为：6858
2022-12-05 20:33:39,706 Works -> 当前作品ID为：6859
2022-12-05 20:34:57,086 Works -> 当前作品ID为：6860
2022-12-05 20:36:14,452 Works -> 当前作品ID为：6861
2022-12-05 20:37:34,281 Works -> 当前作品ID为：6862
2022-12-05 20:38:52,445 Works -> 当前作品ID为：6863
2022-12-05 20:40:09,915 Works -> 当前作品ID为：6864
2022-12-05 20:41:26,891 Works -> 当前作品ID为：6865
2022-12-05 20:42:44,822 Works -> 当前作品ID为：6866
2022-12-05 20:44:03,004 Works -> 当前作品ID为：6867
2022-12-05 20:45:18,380 Works -> 当前作品ID为：6868
2022-12-05 20:46:30,236 Works -> 当前作品ID为：6869
2022-12-05 20:47:43,413 Works -> 当前作品ID为：6870
2022-12-05 20:48:56,564 Works -> 当前作品ID为：6871
2022-12-05 20:50:09,161 Works -> 当前作品ID为：6872
2022-12-05 20:51:21,448 Works -> 当前作品ID为：6873
2022-12-05 20:52:34,086 Works -> 当前作品ID为：6874
2022-12-05 20:53:46,590 Works -> 当前作品ID为：6875
2022-12-05 20:54:59,413 Works -> 当前作品ID为：6876
2022-12-05 20:56:15,223 Works -> 当前作品ID为：6877
2022-12-05 20:57:28,582 Works -> 当前作品ID为：6878
2022-12-05 20:58:41,388 Works -> 当前作品ID为：6879
2022-12-05 20:59:54,507 Works -> 当前作品ID为：6880
2022-12-05 21:01:07,416 Works -> 当前作品ID为：6881
2022-12-05 21:02:20,503 Works -> 当前作品ID为：6882
2022-12-05 21:03:33,267 Works -> 当前作品ID为：6883
2022-12-05 21:04:46,552 Works -> 当前作品ID为：6884
2022-12-05 21:05:59,105 Works -> 当前作品ID为：6885
2022-12-05 21:07:17,363 Works -> 当前作品ID为：6886
2022-12-05 21:08:40,083 Works -> 当前作品ID为：6887
2022-12-05 21:10:01,496 Works -> 当前作品ID为：6888
2022-12-05 21:10:52,361 Works -> 点击更多设置失败 -> 手动打开更多设置
2022-12-05 21:52:19,278 Works -> 继续...
2022-12-05 21:52:53,399 Works -> 未能发现 "返回作品列表" 按钮 -> 即将重试...
2022-12-05 21:53:09,822 Works -> 当前作品ID为：6889
2022-12-05 21:54:19,461 Works -> 当前作品ID为：6890
2022-12-05 21:55:37,837 Works -> 当前作品ID为：6891
2022-12-05 21:56:58,771 Works -> 当前作品ID为：6892
2022-12-05 21:58:11,821 Works -> 当前作品ID为：6893
2022-12-05 21:59:35,847 Works -> 当前作品ID为：6894
2022-12-05 22:00:51,469 Works -> 当前作品ID为：6895
2022-12-05 22:02:07,342 Works -> 当前作品ID为：6896
2022-12-05 22:03:22,559 Works -> 当前作品ID为：6897
2022-12-05 22:04:37,709 Works -> 当前作品ID为：6898
2022-12-05 22:05:52,641 Works -> 当前作品ID为：6899
2022-12-05 22:07:05,209 Works -> 当前作品ID为：6900
2022-12-05 22:08:20,636 Works -> 当前作品ID为：6901
2022-12-05 22:09:38,961 Works -> 当前作品ID为：6902
2022-12-05 22:10:53,487 Works -> 当前作品ID为：6903
2022-12-05 22:12:08,715 Works -> 当前作品ID为：6904
2022-12-05 22:13:24,299 Works -> 当前作品ID为：6905
2022-12-05 22:14:39,861 Works -> 当前作品ID为：6906
2022-12-05 22:15:55,696 Works -> 当前作品ID为：6907
2022-12-05 22:17:10,500 Works -> 当前作品ID为：6908
2022-12-05 22:18:25,377 Works -> 当前作品ID为：6909
2022-12-05 22:19:40,606 Works -> 当前作品ID为：6910
2022-12-05 22:20:55,435 Works -> 当前作品ID为：6911
2022-12-05 22:22:10,670 Works -> 当前作品ID为：6912
2022-12-05 22:23:28,165 Works -> 当前作品ID为：6913
2022-12-05 22:24:46,398 Works -> 当前作品ID为：6914
2022-12-05 22:26:04,606 Works -> 当前作品ID为：6915
2022-12-05 22:27:22,293 Works -> 当前作品ID为：6916
2022-12-05 22:28:37,296 Works -> 当前作品ID为：6917
2022-12-05 22:29:55,391 Works -> 当前作品ID为：6918
2022-12-05 22:31:13,925 Works -> 当前作品ID为：6919
2022-12-05 22:32:31,830 Works -> 当前作品ID为：6920
2022-12-05 22:33:52,314 Works -> 当前作品ID为：6922
2022-12-05 22:35:10,208 Works -> 当前作品ID为：6923
2022-12-05 22:36:24,852 Works -> 当前作品ID为：6924
2022-12-05 22:37:43,320 Works -> 当前作品ID为：6925
2022-12-05 22:38:58,656 Works -> 当前作品ID为：6927
2022-12-05 22:40:13,847 Works -> 当前作品ID为：6928
2022-12-05 22:41:26,201 Works -> 当前作品ID为：6929
2022-12-05 22:42:38,066 Works -> 当前作品ID为：6930
2022-12-05 22:43:55,471 Works -> 当前作品ID为：6931
2022-12-05 22:45:13,245 Works -> 当前作品ID为：6932
2022-12-05 22:46:28,041 Works -> 当前作品ID为：6933
2022-12-05 22:47:42,970 Works -> 当前作品ID为：6934
2022-12-05 22:48:57,728 Works -> 当前作品ID为：6935
2022-12-05 22:50:12,394 Works -> 当前作品ID为：6936
2022-12-05 22:51:26,693 Works -> 当前作品ID为：6937
2022-12-05 22:52:42,221 Works -> 当前作品ID为：6938
2022-12-05 23:00:43,635 Works -> 当前作品ID为：6888
